--2014-08-01 21:31:32--  http://irsa.ipac.caltech.edu/cgi-bin/FinderChart/nph-finder?locstr=0.0075+47.2744444444&survey=dss&mode=prog
Resolving irsa.ipac.caltech.edu (irsa.ipac.caltech.edu)... 134.4.54.110
Connecting to irsa.ipac.caltech.edu (irsa.ipac.caltech.edu)|134.4.54.110|:80... connected.
HTTP request sent, awaiting response... 200 OK
Length: unspecified [text/xml]
Saving to: ‘result.txt’

     0K ....                                                   10.4M=0s

2014-08-01 21:31:36 (10.4 MB/s) - ‘result.txt’ saved [4246]

--2014-08-01 21:31:36--  http://irsa.ipac.caltech.edu/cgi-bin/FinderChart/nph-finder?locstr=0.0075+47.2744444444&survey=dss&mode=prog
Resolving irsa.ipac.caltech.edu (irsa.ipac.caltech.edu)... 134.4.54.110
Connecting to irsa.ipac.caltech.edu (irsa.ipac.caltech.edu)|134.4.54.110|:80... connected.
HTTP request sent, awaiting response... 200 OK
Length: unspecified [text/xml]
Saving to: ‘result.txt’

     0K ....                                                   6.25M=0.001s

2014-08-01 21:31:40 (6.25 MB/s) - ‘result.txt’ saved [4246]

--2014-08-01 21:31:40--  http://irsa.ipac.caltech.edu/cgi-bin/FinderChart/nph-finder?locstr=0.0075+47.2744444444&survey=dss&mode=prog
Resolving irsa.ipac.caltech.edu (irsa.ipac.caltech.edu)... 134.4.54.110
Connecting to irsa.ipac.caltech.edu (irsa.ipac.caltech.edu)|134.4.54.110|:80... connected.
HTTP request sent, awaiting response... 200 OK
Length: unspecified [text/xml]
Saving to: ‘result.txt’

     0K ....                                                   10.2M=0s

2014-08-01 21:31:44 (10.2 MB/s) - ‘result.txt’ saved [4246]

--2014-08-01 21:31:44--  http://irsa.ipac.caltech.edu/workspace/TMP_yjtVVJ_10706/FinderChart/0.0075_47.2744444444.v0001/poss2ukstu_red_sub.fits
Resolving irsa.ipac.caltech.edu (irsa.ipac.caltech.edu)... 134.4.54.110
Connecting to irsa.ipac.caltech.edu (irsa.ipac.caltech.edu)|134.4.54.110|:80... connected.
HTTP request sent, awaiting response... 200 OK
Length: 195840 (191K) [image/x-fits]
Saving to: ‘DSS_2r_0.0075_47.2744444444.fits’

     0K .......... .......... .......... .......... .......... 26%  196K 1s
    50K .......... .......... .......... .......... .......... 52%  394K 0s
   100K .......... .......... .......... .......... .......... 78%  776K 0s
   150K .......... .......... .......... .......... .         100%  660K=0.5s

2014-08-01 21:31:45 (376 KB/s) - ‘DSS_2r_0.0075_47.2744444444.fits’ saved [195840/195840]

[1M> 
[1A----- SExtractor 2.8.6 started on 2014-08-01 at 21:31:45 with 1 thread

[1M> Setting catalog parameters
[1A[1M> Reading detection filter
[1A[1M> Initializing check-image(s)
[1A[1M> Initializing catalog
[1A[1M> Looking for DSS_2r_0.0075_47.2744444444.fits
[1AMeasuring from: "data"  / 299 x 299 / 0 bits FLOATING POINT data
Detection+Measurement image: [1M> Setting up background maps
[1A[1M> Filtering background map(s)
[1A[1M> Computing background d-map
[1A[1M> Computing background-noise d-map
[1A(M+D) Background: 4330.81    RMS: 207.1      / Threshold: 310.65     
[1M> Scanning image
[1A[1M> Line:   16  Objects:        8 detected /        0 sextracted
[1A[1M> Line:   32  Objects:       20 detected /        0 sextracted
[1A[1M> Line:   48  Objects:       32 detected /        0 sextracted
[1A[1M> Line:   64  Objects:       44 detected /        0 sextracted
[1A[1M> Line:   80  Objects:       54 detected /        0 sextracted
[1A[1M> Line:   96  Objects:       60 detected /        0 sextracted
[1A[1M> Line:  112  Objects:       65 detected /        0 sextracted
[1A[1M> Line:  128  Objects:       76 detected /        0 sextracted
[1A[1M> Line:  144  Objects:       87 detected /        0 sextracted
[1A[1M> Line:  160  Objects:       91 detected /        0 sextracted
[1A[1M> Line:  176  Objects:      100 detected /        0 sextracted
[1A[1M> Line:  192  Objects:      104 detected /        0 sextracted
[1A[1M> Line:  208  Objects:      118 detected /        0 sextracted
[1A[1M> Line:  224  Objects:      131 detected /        0 sextracted
[1A[1M> Line:  240  Objects:      140 detected /        0 sextracted
[1A[1M> Line:  256  Objects:      155 detected /        0 sextracted
[1A[1M> Line:  272  Objects:      165 detected /        0 sextracted
[1A[1M> Line:  288  Objects:      176 detected /        0 sextracted
[1AObjects: detected 189      / sextracted 138                    
[1M> Closing files
[1A[1M> 
[1A> All done (in 0 s)
/usr/local/lib/python2.7/dist-packages/astroquery/vizier/core.py:560: UserWarning: VOTABLE parsing raised exception: 
  warnings.warn("VOTABLE parsing raised exception: {0}".format(ex))
Working on PGC2, at(0.0075 , 47.2744444444)
------------------mosaic_band----------------------
Querying data that lies inside margin
(0.0075, 47.2744444444, 0.05997082309545)
querying: wget  "http://irsa.ipac.caltech.edu/cgi-bin/FinderChart/nph-finder?locstr=0.0075+47.2744444444&survey=dss&mode=prog" 
http://irsa.ipac.caltech.edu/workspace/TMP_EzQPU7_10319/FinderChart/0.0075_47.2744444444.v0001/poss1_blue_sub.fits
http://irsa.ipac.caltech.edu/workspace/TMP_EzQPU7_10319/FinderChart/0.0075_47.2744444444.v0001/poss1_red_sub.fits
POSSIR
DSS_1r_0.0075_47.2744444444.fits
http://irsa.ipac.caltech.edu/workspace/TMP_EzQPU7_10319/FinderChart/0.0075_47.2744444444.v0001/poss1_red_sub.fits
1
querying: wget  "http://irsa.ipac.caltech.edu/cgi-bin/FinderChart/nph-finder?locstr=0.0075+47.2744444444&survey=dss&mode=prog" 
http://irsa.ipac.caltech.edu/workspace/TMP_GNlKe7_10507/FinderChart/0.0075_47.2744444444.v0001/poss1_blue_sub.fits
http://irsa.ipac.caltech.edu/workspace/TMP_GNlKe7_10507/FinderChart/0.0075_47.2744444444.v0001/poss1_red_sub.fits
POSSIR
DSS_1r_0.0075_47.2744444444.fits
http://irsa.ipac.caltech.edu/workspace/TMP_GNlKe7_10507/FinderChart/0.0075_47.2744444444.v0001/poss1_red_sub.fits
1
result: ['PhotoPlate0']
clean_result: ['PhotoPlate0']
Complete Query. These data lies within margin: 
['PhotoPlate0']
Retrieving data from server for 2rband
querying: wget  "http://irsa.ipac.caltech.edu/cgi-bin/FinderChart/nph-finder?locstr=0.0075+47.2744444444&survey=dss&mode=prog" 
http://irsa.ipac.caltech.edu/workspace/TMP_yjtVVJ_10706/FinderChart/0.0075_47.2744444444.v0001/poss1_blue_sub.fits
http://irsa.ipac.caltech.edu/workspace/TMP_yjtVVJ_10706/FinderChart/0.0075_47.2744444444.v0001/poss1_red_sub.fits
http://irsa.ipac.caltech.edu/workspace/TMP_yjtVVJ_10706/FinderChart/0.0075_47.2744444444.v0001/poss2ukstu_blue_sub.fits
http://irsa.ipac.caltech.edu/workspace/TMP_yjtVVJ_10706/FinderChart/0.0075_47.2744444444.v0001/poss2ukstu_red_sub.fits
POSSIIR
DSS_2r_0.0075_47.2744444444.fits
http://irsa.ipac.caltech.edu/workspace/TMP_yjtVVJ_10706/FinderChart/0.0075_47.2744444444.v0001/poss2ukstu_red_sub.fits
3
result:['DSS_2r_0.0075_47.2744444444.fits', 'http://irsa.ipac.caltech.edu/workspace/TMP_yjtVVJ_10706/FinderChart/0.0075_47.2744444444.v0001/poss2ukstu_red_sub.fits', 3]
Downloading DSS_2r_0.0075_47.2744444444.fits
dss_out: 0
Creating mosaic for 2r band.
Only one field in region of interest
m:0.0599708230955
2m:0.119941646191
['DSS_2r_0.0075_47.2744444444.fits', 'DSS_2r_0.0075_47.2744444444.fits', 0.0075, 47.2744444444, 0.1199416461909]
Completed Mosaic
1th iteration
------------------source_info----------------------
Source info for DSS_2r_0.0075_47.2744444444.fits
Trying to write info into fits file
1
[['PGC    2', 0.0079000000000000008, 47.2744]]
ra,dec of catalog sources
rc3_data: [[2, 0.0079, 47.2744]]
Radius: [204.35508312738395, 14.849242404917497, 10.965856099730654, 13.509256086106296, 6.103277807866851, 4.9497474683058327, 4.0311288741492746, 2.5, 4.7169905660283016, 2.6925824035672519, 5.3851648071345037, 3.2015621187164243, 7.810249675906654, 25.0, 9.6046863561492728, 6.7268120235368549, 1.8027756377319946, 2.5, 4.2426406871192848, 2.8284271247461903, 2.6925824035672519, 1.8027756377319946, 1.4142135623730951, 2.1213203435596424, 5.315072906367325, 7.0710678118654755, 7.0710678118654755, 6.4031242374328485, 4.2426406871192848, 8.9022469073824286, 3.2015621187164243, 5.6568542494923806, 3.8078865529319543, 1.8027756377319946, 6.0207972893961479, 3.6055512754639891, 2.9154759474226504, 2.1213203435596424, 3.905124837953327, 1.4142135623730951, 10.259142264341596, 7.433034373659253, 4.3011626335213133, 5.7008771254956896, 4.6097722286464435, 1.4142135623730951, 2.1213203435596424, 2.6925824035672519, 8.3216584885466194, 2.5, 16.620770138594661, 4.9497474683058327, 3.5355339059327378, 6.0207972893961479, 3.6055512754639891, 2.5, 6.7268120235368549, 2.5, 6.0207972893961479, 4.2426406871192848, 5.7008771254956896, 12.5, 1.8027756377319946, 7.7781745930520225, 2.1213203435596424, 3.5355339059327378, 1.1180339887498949, 1.4142135623730951, 12.103718436910205, 2.8284271247461903, 3.3541019662496847, 3.905124837953327, 3.2015621187164243, 2.8284271247461903, 6.9641941385920596, 13.0862523283024, 4.6097722286464435, 5.1478150704935004, 2.1213203435596424, 4.2426406871192848, 1.8027756377319946, 3.905124837953327, 9.6046863561492728, 3.2015621187164243, 6.7268120235368549, 3.3541019662496847, 5.0, 7.433034373659253, 4.6097722286464435, 1.8027756377319946, 5.7008771254956896, 2.5, 4.9497474683058327, 1.8027756377319946, 7.810249675906654, 3.6055512754639891, 1.8027756377319946, 3.6055512754639891, 5.3851648071345037, 11.335784048754634, 4.2426406871192848, 15.652475842498529, 12.971121771072847, 2.9154759474226504, 4.9497474683058327, 1.8027756377319946, 2.5, 13.901438774457844, 1.1180339887498949, 9.013878188659973, 3.905124837953327, 3.2015621187164243, 2.5, 3.2015621187164243, 4.2426406871192848, 1.1180339887498949, 2.2360679774997898, 1.1180339887498949, 2.9154759474226504, 1.8027756377319946, 1.1180339887498949, 8.3216584885466194, 3.905124837953327, 6.7268120235368549, 3.2015621187164243, 2.1213203435596424, 2.1213203435596424, 4.7434164902525691, 3.2015621187164243, 4.6097722286464435, 7.0710678118654755, 3.905124837953327, 6.5192024052026492, 1.1180339887498949, 1.4142135623730951, 12.539936203984453, 21.360009363293827, 6.800735254367722]
Source is Obvious
[204.35508312738395, 14.849242404917497, 10.965856099730654, 13.509256086106296, 6.103277807866851, 4.9497474683058327, 4.0311288741492746, 2.5, 4.7169905660283016, 2.6925824035672519, 5.3851648071345037, 3.2015621187164243, 7.810249675906654, 25.0, 9.6046863561492728, 6.7268120235368549, 1.8027756377319946, 2.5, 4.2426406871192848, 2.8284271247461903, 2.6925824035672519, 1.8027756377319946, 1.4142135623730951, 2.1213203435596424, 5.315072906367325, 7.0710678118654755, 7.0710678118654755, 6.4031242374328485, 4.2426406871192848, 8.9022469073824286, 3.2015621187164243, 5.6568542494923806, 3.8078865529319543, 1.8027756377319946, 6.0207972893961479, 3.6055512754639891, 2.9154759474226504, 2.1213203435596424, 3.905124837953327, 1.4142135623730951, 10.259142264341596, 7.433034373659253, 4.3011626335213133, 5.7008771254956896, 4.6097722286464435, 1.4142135623730951, 2.1213203435596424, 2.6925824035672519, 8.3216584885466194, 2.5, 16.620770138594661, 4.9497474683058327, 3.5355339059327378, 6.0207972893961479, 3.6055512754639891, 2.5, 6.7268120235368549, 2.5, 6.0207972893961479, 4.2426406871192848, 5.7008771254956896, 12.5, 1.8027756377319946, 7.7781745930520225, 2.1213203435596424, 3.5355339059327378, 1.1180339887498949, 1.4142135623730951, 12.103718436910205, 2.8284271247461903, 3.3541019662496847, 3.905124837953327, 3.2015621187164243, 2.8284271247461903, 6.9641941385920596, 13.0862523283024, 4.6097722286464435, 5.1478150704935004, 2.1213203435596424, 4.2426406871192848, 1.8027756377319946, 3.905124837953327, 9.6046863561492728, 3.2015621187164243, 6.7268120235368549, 3.3541019662496847, 5.0, 7.433034373659253, 4.6097722286464435, 1.8027756377319946, 5.7008771254956896, 2.5, 4.9497474683058327, 1.8027756377319946, 7.810249675906654, 3.6055512754639891, 1.8027756377319946, 3.6055512754639891, 5.3851648071345037, 11.335784048754634, 4.2426406871192848, 15.652475842498529, 12.971121771072847, 2.9154759474226504, 4.9497474683058327, 1.8027756377319946, 2.5, 13.901438774457844, 1.1180339887498949, 9.013878188659973, 3.905124837953327, 3.2015621187164243, 2.5, 3.2015621187164243, 4.2426406871192848, 1.1180339887498949, 2.2360679774997898, 1.1180339887498949, 2.9154759474226504, 1.8027756377319946, 1.1180339887498949, 8.3216584885466194, 3.905124837953327, 6.7268120235368549, 3.2015621187164243, 2.1213203435596424, 2.1213203435596424, 4.7434164902525691, 3.2015621187164243, 4.6097722286464435, 7.0710678118654755, 3.905124837953327, 6.5192024052026492, 1.1180339887498949, 1.4142135623730951, 12.539936203984453, 21.360009363293827, 6.800735254367722]
Biggest Galaxy with radius 204.355083127 pixels!
new_ra and new_dec: 0.0069194 , +47.2738869  
Radii: 204.355083127 pixel
Radii: 0.0224701699161 degrees
rc3: 0.0075 , up--2014-08-01 21:31:46--  http://irsa.ipac.caltech.edu/cgi-bin/FinderChart/nph-finder?locstr=0.0069194+47.2738869&survey=dss&mode=prog
Resolving irsa.ipac.caltech.edu (irsa.ipac.caltech.edu)... 134.4.54.110
Connecting to irsa.ipac.caltech.edu (irsa.ipac.caltech.edu)|134.4.54.110|:80... connected.
HTTP request sent, awaiting response... 200 OK
Length: unspecified [text/xml]
Saving to: ‘result.txt’

     0K ....                                                   10.3M=0s

2014-08-01 21:31:50 (10.3 MB/s) - ‘result.txt’ saved [4246]

--2014-08-01 21:31:50--  http://irsa.ipac.caltech.edu/cgi-bin/FinderChart/nph-finder?locstr=0.0069194+47.2738869&survey=dss&mode=prog
Resolving irsa.ipac.caltech.edu (irsa.ipac.caltech.edu)... 134.4.54.110
Connecting to irsa.ipac.caltech.edu (irsa.ipac.caltech.edu)|134.4.54.110|:80... connected.
HTTP request sent, awaiting response... 200 OK
Length: unspecified [text/xml]
Saving to: ‘result.txt’

     0K ....                                                   4.46M=0.001s

2014-08-01 21:31:54 (4.46 MB/s) - ‘result.txt’ saved [4246]

--2014-08-01 21:31:54--  http://irsa.ipac.caltech.edu/cgi-bin/FinderChart/nph-finder?locstr=0.0069194++47.2738869&survey=dss&mode=prog
Resolving irsa.ipac.caltech.edu (irsa.ipac.caltech.edu)... 134.4.54.110
Connecting to irsa.ipac.caltech.edu (irsa.ipac.caltech.edu)|134.4.54.110|:80... connected.
HTTP request sent, awaiting response... 200 OK
Length: unspecified [text/xml]
Saving to: ‘result.txt’

     0K ....                                                   2.46M=0.002s

2014-08-01 21:31:58 (2.46 MB/s) - ‘result.txt’ saved [4263]

--2014-08-01 21:31:58--  http://irsa.ipac.caltech.edu/workspace/TMP_yoSlKf_11566/FinderChart/0.0069194__47.2738869.v0001/poss1_blue_sub.fits
Resolving irsa.ipac.caltech.edu (irsa.ipac.caltech.edu)... 134.4.54.110
Connecting to irsa.ipac.caltech.edu (irsa.ipac.caltech.edu)|134.4.54.110|:80... connected.
HTTP request sent, awaiting response... 200 OK
Length: 195840 (191K) [image/x-fits]
Saving to: ‘DSS_1b_0.0069194_+47.2738869.fits’

     0K .......... .......... .......... .......... .......... 26%  194K 1s
    50K .......... .......... .......... .......... .......... 52%  392K 0s
   100K .......... .......... .......... .......... .......... 78%  773K 0s
   150K .......... .......... .......... .......... .         100%  660K=0.5s

2014-08-01 21:31:58 (373 KB/s) - ‘DSS_1b_0.0069194_+47.2738869.fits’ saved [195840/195840]

--2014-08-01 21:31:58--  http://irsa.ipac.caltech.edu/cgi-bin/FinderChart/nph-finder?locstr=0.0069194+47.2738869&survey=dss&mode=prog
Resolving irsa.ipac.caltech.edu (irsa.ipac.caltech.edu)... 134.4.54.110
Connecting to irsa.ipac.caltech.edu (irsa.ipac.caltech.edu)|134.4.54.110|:80... connected.
HTTP request sent, awaiting response... 200 OK
Length: unspecified [text/xml]
Saving to: ‘result.txt’

     0K ....                                                    999K=0.004s

2014-08-01 21:32:02 (999 KB/s) - ‘result.txt’ saved [4246]

--2014-08-01 21:32:02--  http://irsa.ipac.caltech.edu/cgi-bin/FinderChart/nph-finder?locstr=0.0069194+47.2738869&survey=dss&mode=prog
Resolving irsa.ipac.caltech.edu (irsa.ipac.caltech.edu)... 134.4.54.110
Connecting to irsa.ipac.caltech.edu (irsa.ipac.caltech.edu)|134.4.54.110|:80... connected.
HTTP request sent, awaiting response... 200 OK
Length: unspecified [text/xml]
Saving to: ‘result.txt’

     0K ....                                                   11.1M=0s

2014-08-01 21:32:06 (11.1 MB/s) - ‘result.txt’ saved [4246]

--2014-08-01 21:32:06--  http://irsa.ipac.caltech.edu/cgi-bin/FinderChart/nph-finder?locstr=0.0069194++47.2738869&survey=dss&mode=prog
Resolving irsa.ipac.caltech.edu (irsa.ipac.caltech.edu)... 134.4.54.110
Connecting to irsa.ipac.caltech.edu (irsa.ipac.caltech.edu)|134.4.54.110|:80... connected.
HTTP request sent, awaiting response... 200 OK
Length: unspecified [text/xml]
Saving to: ‘result.txt’

     0K ....                                                   1.70M=0.002s

2014-08-01 21:32:10 (1.70 MB/s) - ‘result.txt’ saved [4263]

dated: 0.0069194 
rc3: 47.2744444444 , updated: +47.2738869 
rc3: 0.0199902743651 , updated: 0.0224701699161 
------------------mosaic_all_bands----------------------
------------------mosaic_band----------------------
Querying data that lies inside margin
('0.0069194', '+47.2738869', 0.05997082309545)
querying: wget  "http://irsa.ipac.caltech.edu/cgi-bin/FinderChart/nph-finder?locstr=0.0069194+47.2738869&survey=dss&mode=prog" 
http://irsa.ipac.caltech.edu/workspace/TMP_U14KF9_11095/FinderChart/0.0069194_47.2738869.v0001/poss1_blue_sub.fits
http://irsa.ipac.caltech.edu/workspace/TMP_U14KF9_11095/FinderChart/0.0069194_47.2738869.v0001/poss1_red_sub.fits
POSSIR
DSS_1r_0.0069194_47.2738869.fits
http://irsa.ipac.caltech.edu/workspace/TMP_U14KF9_11095/FinderChart/0.0069194_47.2738869.v0001/poss1_red_sub.fits
1
querying: wget  "http://irsa.ipac.caltech.edu/cgi-bin/FinderChart/nph-finder?locstr=0.0069194+47.2738869&survey=dss&mode=prog" 
http://irsa.ipac.caltech.edu/workspace/TMP_ayJN1f_11272/FinderChart/0.0069194_47.2738869.v0001/poss1_blue_sub.fits
http://irsa.ipac.caltech.edu/workspace/TMP_ayJN1f_11272/FinderChart/0.0069194_47.2738869.v0001/poss1_red_sub.fits
POSSIR
DSS_1r_0.0069194_47.2738869.fits
http://irsa.ipac.caltech.edu/workspace/TMP_ayJN1f_11272/FinderChart/0.0069194_47.2738869.v0001/poss1_red_sub.fits
1
result: ['PhotoPlate0']
clean_result: ['PhotoPlate0']
Complete Query. These data lies within margin: 
['PhotoPlate0']
Retrieving data from server for 1bband
querying: wget  "http://irsa.ipac.caltech.edu/cgi-bin/FinderChart/nph-finder?locstr=0.0069194++47.2738869&survey=dss&mode=prog" 
http://irsa.ipac.caltech.edu/workspace/TMP_yoSlKf_11566/FinderChart/0.0069194__47.2738869.v0001/poss1_blue_sub.fits
POSSIB
DSS_1b_0.0069194_+47.2738869.fits
http://irsa.ipac.caltech.edu/workspace/TMP_yoSlKf_11566/FinderChart/0.0069194__47.2738869.v0001/poss1_blue_sub.fits
0
result:['DSS_1b_0.0069194_+47.2738869.fits', 'http://irsa.ipac.caltech.edu/workspace/TMP_yoSlKf_11566/FinderChart/0.0069194__47.2738869.v0001/poss1_blue_sub.fits', 0]
Downloading DSS_1b_0.0069194_+47.2738869.fits
dss_out: 0
Creating mosaic for 1b band.
Only one field in region of interest
m:0.0599708230955
2m:0.119941646191
['DSS_1b_0.0069194_+47.2738869.fits', 'DSS_1b_0.0069194_+47.2738869.fits', '0.0069194', '+47.2738869', 0.1199416461909]
Completed Mosaic
------------------mosaic_band----------------------
Querying data that lies inside margin
('0.0069194', '+47.2738869', 0.05997082309545)
querying: wget  "http://irsa.ipac.caltech.edu/cgi-bin/FinderChart/nph-finder?locstr=0.0069194+47.2738869&survey=dss&mode=prog" 
http://irsa.ipac.caltech.edu/workspace/TMP_BVWNk1_11838/FinderChart/0.0069194_47.2738869.v0001/poss1_blue_sub.fits
http://irsa.ipac.caltech.edu/workspace/TMP_BVWNk1_11838/FinderChart/0.0069194_47.2738869.v0001/poss1_red_sub.fits
POSSIR
DSS_1r_0.0069194_47.2738869.fits
http://irsa.ipac.caltech.edu/workspace/TMP_BVWNk1_11838/FinderChart/0.0069194_47.2738869.v0001/poss1_red_sub.fits
1
querying: wget  "http://irsa.ipac.caltech.edu/cgi-bin/FinderChart/nph-finder?locstr=0.0069194+47.2738869&survey=dss&mode=prog" 
http://irsa.ipac.caltech.edu/workspace/TMP_El7LPZ_12003/FinderChart/0.0069194_47.2738869.v0001/poss1_blue_sub.fits
http://irsa.ipac.caltech.edu/workspace/TMP_El7LPZ_12003/FinderChart/0.0069194_47.2738869.v0001/poss1_red_sub.fits
POSSIR
DSS_1r_0.0069194_47.2738869.fits
http://irsa.ipac.caltech.edu/workspace/TMP_El7LPZ_12003/FinderChart/0.0069194_47.2738869.v0001/poss1_red_sub.fits
1
result: ['PhotoPlate0']
clean_result: ['PhotoPlate0']
Complete Query. These data lies within margin: 
['PhotoPlate0']
Retrieving data from server for 1rband
querying: wget  "http://irsa.ipac.caltech.edu/cgi-bin/FinderChart/nph-finder?locstr=0.0069194++47.2738869&survey=dss&mode=prog" 
http://irsa.ipac.caltech.edu/workspace/TMP_jq7uV9_12353/FinderChart/0.0069194__47.2738869.v0001/poss1_blue_sub.fits
http://irsa.ipac.caltech.edu/workspace/TMP_jq7uV9_12353/FinderChart/0.0069194__47.2738869.v0001/poss1_red_sub.fits
POSSIR
DSS_1r_0.0069194_+47.2738869.fits
http://irsa.ipac.calt--2014-08-01 21:32:10--  http://irsa.ipac.caltech.edu/workspace/TMP_jq7uV9_12353/FinderChart/0.0069194__47.2738869.v0001/poss1_red_sub.fits
Resolving irsa.ipac.caltech.edu (irsa.ipac.caltech.edu)... 134.4.54.110
Connecting to irsa.ipac.caltech.edu (irsa.ipac.caltech.edu)|134.4.54.110|:80... connected.
HTTP request sent, awaiting response... 200 OK
Length: 80640 (79K) [image/x-fits]
Saving to: ‘DSS_1r_0.0069194_+47.2738869.fits’

     0K .......... .......... .......... .......... .......... 63%  196K 0s
    50K .......... .......... ........                        100%  450K=0.3s

2014-08-01 21:32:11 (247 KB/s) - ‘DSS_1r_0.0069194_+47.2738869.fits’ saved [80640/80640]

--2014-08-01 21:32:11--  http://irsa.ipac.caltech.edu/cgi-bin/FinderChart/nph-finder?locstr=0.0069194+47.2738869&survey=dss&mode=prog
Resolving irsa.ipac.caltech.edu (irsa.ipac.caltech.edu)... 134.4.54.110
Connecting to irsa.ipac.caltech.edu (irsa.ipac.caltech.edu)|134.4.54.110|:80... connected.
HTTP request sent, awaiting response... 200 OK
Length: unspecified [text/xml]
Saving to: ‘result.txt’

     0K ....                                                   6.41M=0.001s

2014-08-01 21:32:16 (6.41 MB/s) - ‘result.txt’ saved [4246]

--2014-08-01 21:32:16--  http://irsa.ipac.caltech.edu/cgi-bin/FinderChart/nph-finder?locstr=0.0069194+47.2738869&survey=dss&mode=prog
Resolving irsa.ipac.caltech.edu (irsa.ipac.caltech.edu)... 134.4.54.110
Connecting to irsa.ipac.caltech.edu (irsa.ipac.caltech.edu)|134.4.54.110|:80... connected.
HTTP request sent, awaiting response... 200 OK
Length: unspecified [text/xml]
Saving to: ‘result.txt’

     0K ....                                                   6.28M=0.001s

2014-08-01 21:32:20 (6.28 MB/s) - ‘result.txt’ saved [4246]

--2014-08-01 21:32:20--  http://irsa.ipac.caltech.edu/cgi-bin/FinderChart/nph-finder?locstr=0.0069194++47.2738869&survey=dss&mode=prog
Resolving irsa.ipac.caltech.edu (irsa.ipac.caltech.edu)... 134.4.54.110
Connecting to irsa.ipac.caltech.edu (irsa.ipac.caltech.edu)|134.4.54.110|:80... connected.
HTTP request sent, awaiting response... 200 OK
Length: unspecified [text/xml]
Saving to: ‘result.txt’

     0K ....                                                   6.31M=0.001s

2014-08-01 21:32:24 (6.31 MB/s) - ‘result.txt’ saved [4263]

--2014-08-01 21:32:24--  http://irsa.ipac.caltech.edu/workspace/TMP_bNbxyH_13293/FinderChart/0.0069194__47.2738869.v0001/poss2ukstu_blue_sub.fits
Resolving irsa.ipac.caltech.edu (irsa.ipac.caltech.edu)... 134.4.54.110
Connecting to irsa.ipac.caltech.edu (irsa.ipac.caltech.edu)|134.4.54.110|:80... connected.
HTTP request sent, awaiting response... 200 OK
Length: 195840 (191K) [image/x-fits]
Saving to: ‘DSS_2b_0.0069194_+47.2738869.fits’

     0K .......... .......... .......... .......... .......... 26%  196K 1s
    50K .......... .......... .......... .......... .......... 52%  388K 0s
   100K .......... .......... .......... .......... .......... 78%  776K 0s
   150K .......... .......... .......... .......... .         100%  663K=0.5s

2014-08-01 21:32:25 (374 KB/s) - ‘DSS_2b_0.0069194_+47.2738869.fits’ saved [195840/195840]

--2014-08-01 21:32:25--  http://irsa.ipac.caltech.edu/cgi-bin/FinderChart/nph-finder?locstr=0.0069194+47.2738869&survey=dss&mode=prog
Resolving irsa.ipac.caltech.edu (irsa.ipac.caltech.edu)... 134.4.54.110
Connecting to irsa.ipac.caltech.edu (irsa.ipac.caltech.edu)|134.4.54.110|:80... connected.
HTTP request sent, awaiting response... 200 OK
Length: unspecified [text/xml]
Saving to: ‘result.txt’

     0K ....                                                   4.49M=0.001s

2014-08-01 21:32:29 (4.49 MB/s) - ‘result.txt’ saved [4246]

--2014-08-01 21:32:29--  http://irsa.ipac.caltech.edu/cgi-bin/FinderChart/nph-finder?locstr=0.0069194+47.2738869&survey=dss&mode=prog
Resolving irsa.ipac.caltech.edu (irsa.ipac.caltech.edu)... 134.4.54.110
Connecting to irsa.ipac.caltech.edu (irsa.ipac.caltech.edu)|134.4.54.110|:80... connected.
HTTP request sent, awaiting response... 200 OK
Length: unspecified [text/xml]
Saving to: ‘result.txt’

     0K ....                                                   4.71M=0.001s

2014-08-01 21:32:33 (4.71 MB/s) - ‘result.txt’ saved [4246]

ech.edu/workspace/TMP_jq7uV9_12353/FinderChart/0.0069194__47.2738869.v0001/poss1_red_sub.fits
1
result:['DSS_1r_0.0069194_+47.2738869.fits', 'http://irsa.ipac.caltech.edu/workspace/TMP_jq7uV9_12353/FinderChart/0.0069194__47.2738869.v0001/poss1_red_sub.fits', 1]
Downloading DSS_1r_0.0069194_+47.2738869.fits
dss_out: 0
Creating mosaic for 1r band.
Only one field in region of interest
m:0.0599708230955
2m:0.119941646191
['DSS_1r_0.0069194_+47.2738869.fits', 'DSS_1r_0.0069194_+47.2738869.fits', '0.0069194', '+47.2738869', 0.1199416461909]
Completed Mosaic
------------------mosaic_band----------------------
Querying data that lies inside margin
('0.0069194', '+47.2738869', 0.05997082309545)
querying: wget  "http://irsa.ipac.caltech.edu/cgi-bin/FinderChart/nph-finder?locstr=0.0069194+47.2738869&survey=dss&mode=prog" 
http://irsa.ipac.caltech.edu/workspace/TMP_QK6y8e_12727/FinderChart/0.0069194_47.2738869.v0001/poss1_blue_sub.fits
http://irsa.ipac.caltech.edu/workspace/TMP_QK6y8e_12727/FinderChart/0.0069194_47.2738869.v0001/poss1_red_sub.fits
POSSIR
DSS_1r_0.0069194_47.2738869.fits
http://irsa.ipac.caltech.edu/workspace/TMP_QK6y8e_12727/FinderChart/0.0069194_47.2738869.v0001/poss1_red_sub.fits
1
querying: wget  "http://irsa.ipac.caltech.edu/cgi-bin/FinderChart/nph-finder?locstr=0.0069194+47.2738869&survey=dss&mode=prog" 
http://irsa.ipac.caltech.edu/workspace/TMP_Mnk7Zw_13068/FinderChart/0.0069194_47.2738869.v0001/poss1_blue_sub.fits
http://irsa.ipac.caltech.edu/workspace/TMP_Mnk7Zw_13068/FinderChart/0.0069194_47.2738869.v0001/poss1_red_sub.fits
POSSIR
DSS_1r_0.0069194_47.2738869.fits
http://irsa.ipac.caltech.edu/workspace/TMP_Mnk7Zw_13068/FinderChart/0.0069194_47.2738869.v0001/poss1_red_sub.fits
1
result: ['PhotoPlate0']
clean_result: ['PhotoPlate0']
Complete Query. These data lies within margin: 
['PhotoPlate0']
Retrieving data from server for 2bband
querying: wget  "http://irsa.ipac.caltech.edu/cgi-bin/FinderChart/nph-finder?locstr=0.0069194++47.2738869&survey=dss&mode=prog" 
http://irsa.ipac.caltech.edu/workspace/TMP_bNbxyH_13293/FinderChart/0.0069194__47.2738869.v0001/poss1_blue_sub.fits
http://irsa.ipac.caltech.edu/workspace/TMP_bNbxyH_13293/FinderChart/0.0069194__47.2738869.v0001/poss1_red_sub.fits
http://irsa.ipac.caltech.edu/workspace/TMP_bNbxyH_13293/FinderChart/0.0069194__47.2738869.v0001/poss2ukstu_blue_sub.fits
POSSIIB
DSS_2b_0.0069194_+47.2738869.fits
http://irsa.ipac.caltech.edu/workspace/TMP_bNbxyH_13293/FinderChart/0.0069194__47.2738869.v0001/poss2ukstu_blue_sub.fits
2
result:['DSS_2b_0.0069194_+47.2738869.fits', 'http://irsa.ipac.caltech.edu/workspace/TMP_bNbxyH_13293/FinderChart/0.0069194__47.2738869.v0001/poss2ukstu_blue_sub.fits', 2]
Downloading DSS_2b_0.0069194_+47.2738869.fits
dss_out: 0
Creating mosaic for 2b band.
Only one field in region of interest
m:0.0599708230955
2m:0.119941646191
['DSS_2b_0.0069194_+47.2738869.fits', 'DSS_2b_0.0069194_+47.2738869.fits', '0.0069194', '+47.2738869', 0.1199416461909]
Completed Mosaic
------------------mosaic_band----------------------
Querying data that lies inside margin
('0.0069194', '+47.2738869', 0.05997082309545)
querying: wget  "http://irsa.ipac.caltech.edu/cgi-bin/FinderChart/nph-finder?locstr=0.0069194+47.2738869&survey=dss&mode=prog" 
http://irsa.ipac.caltech.edu/workspace/TMP_8aQGUy_13674/FinderChart/0.0069194_47.2738869.v0001/poss1_blue_sub.fits
http://irsa.ipac.caltech.edu/workspace/TMP_8aQGUy_13674/FinderChart/0.0069194_47.2738869.v0001/poss1_red_sub.fits
POSSIR
DSS_1r_0.0069194_47.2738869.fits
http://irsa.ipac.caltech.edu/workspace/TMP_8aQGUy_13674/FinderChart/0.0069194_47.2738869.v0001/poss1_red_sub.fits
1
querying: wget  "http://irsa.ipac.caltech.edu/cgi-bin/FinderChart/nph-finder?locstr=0.0069194+47.2738869&survey=dss&mode=prog" 
http://irsa.ipac.caltech.edu/workspace/TMP_Ndqa3C_13846/FinderChart/0.0069194_47.2738869.v0001/poss1_blue_sub.fits
http://irsa.ipac.caltech.edu/workspace/TMP_Ndqa3C_13846/FinderChart/0.0069194_47.2738869.v0001/poss1_red_sub.fits
POSSIR
DSS_1r_0.0069194_47.2738869.fits
http://irsa.ipac.caltech.edu/workspace/TMP_Ndqa3C_13846/F--2014-08-01 21:32:33--  http://irsa.ipac.caltech.edu/cgi-bin/FinderChart/nph-finder?locstr=0.0069194++47.2738869&survey=dss&mode=prog
Resolving irsa.ipac.caltech.edu (irsa.ipac.caltech.edu)... 134.4.54.110
Connecting to irsa.ipac.caltech.edu (irsa.ipac.caltech.edu)|134.4.54.110|:80... connected.
HTTP request sent, awaiting response... 200 OK
Length: unspecified [text/xml]
Saving to: ‘result.txt’

     0K ....                                                   2.14M=0.002s

2014-08-01 21:32:37 (2.14 MB/s) - ‘result.txt’ saved [4263]

--2014-08-01 21:32:37--  http://irsa.ipac.caltech.edu/workspace/TMP_6TPaBp_14039/FinderChart/0.0069194__47.2738869.v0001/poss2ukstu_red_sub.fits
Resolving irsa.ipac.caltech.edu (irsa.ipac.caltech.edu)... 134.4.54.110
Connecting to irsa.ipac.caltech.edu (irsa.ipac.caltech.edu)|134.4.54.110|:80... connected.
HTTP request sent, awaiting response... 200 OK
Length: 195840 (191K) [image/x-fits]
Saving to: ‘DSS_2r_0.0069194_+47.2738869.fits’

     0K .......... .......... .......... .......... .......... 26%  195K 1s
    50K .......... .......... .......... .......... .......... 52%  392K 0s
   100K .......... .......... .......... .......... .......... 78%  773K 0s
   150K .......... .......... .......... .......... .         100%  645K=0.5s

2014-08-01 21:32:38 (373 KB/s) - ‘DSS_2r_0.0069194_+47.2738869.fits’ saved [195840/195840]

--2014-08-01 21:32:38--  http://irsa.ipac.caltech.edu/cgi-bin/FinderChart/nph-finder?locstr=0.0069194+47.2738869&survey=dss&mode=prog
Resolving irsa.ipac.caltech.edu (irsa.ipac.caltech.edu)... 134.4.54.110
Connecting to irsa.ipac.caltech.edu (irsa.ipac.caltech.edu)|134.4.54.110|:80... connected.
HTTP request sent, awaiting response... 200 OK
Length: unspecified [text/xml]
Saving to: ‘result.txt’

     0K ....                                                   3.57M=0.001s

2014-08-01 21:32:42 (3.57 MB/s) - ‘result.txt’ saved [4246]

--2014-08-01 21:32:42--  http://irsa.ipac.caltech.edu/cgi-bin/FinderChart/nph-finder?locstr=0.0069194+47.2738869&survey=dss&mode=prog
Resolving irsa.ipac.caltech.edu (irsa.ipac.caltech.edu)... 134.4.54.110
Connecting to irsa.ipac.caltech.edu (irsa.ipac.caltech.edu)|134.4.54.110|:80... connected.
HTTP request sent, awaiting response... 200 OK
Length: unspecified [text/xml]
Saving to: ‘result.txt’

     0K ....                                                   10.1M=0s

2014-08-01 21:32:46 (10.1 MB/s) - ‘result.txt’ saved [4246]

--2014-08-01 21:32:46--  http://irsa.ipac.caltech.edu/cgi-bin/FinderChart/nph-finder?locstr=0.0069194++47.2738869&survey=dss&mode=prog
Resolving irsa.ipac.caltech.edu (irsa.ipac.caltech.edu)... 134.4.54.110
Connecting to irsa.ipac.caltech.edu (irsa.ipac.caltech.edu)|134.4.54.110|:80... connected.
HTTP request sent, awaiting response... 200 OK
Length: unspecified [text/xml]
Saving to: ‘result.txt’

     0K ....                                                   4.55M=0.001s

2014-08-01 21:32:50 (4.55 MB/s) - ‘result.txt’ saved [4263]

--2014-08-01 21:32:50--  http://irsa.ipac.caltech.edu/workspace/TMP_YlhuRP_14833/FinderChart/0.0069194__47.2738869.v0001/poss2ukstu_ir_sub.fits
Resolving irsa.ipac.caltech.edu (irsa.ipac.caltech.edu)... 134.4.54.110
Connecting to irsa.ipac.caltech.edu (irsa.ipac.caltech.edu)|134.4.54.110|:80... connected.
HTTP request sent, awaiting response... 200 OK
Length: 195840 (191K) [image/x-fits]
Saving to: ‘DSS_2ir_0.0069194_+47.2738869.fits’

     0K .......... .......... .......... .......... .......... 26%  196K 1s
    50K .......... .......... .......... .......... .......... 52%  395K 0s
   100K .......... .......... .......... .......... .......... 78%  782K 0s
   150K .......... .......... .......... .......... .         100% 11.5M=0.4s

2014-08-01 21:32:51 (426 KB/s) - ‘DSS_2ir_0.0069194_+47.2738869.fits’ saved [195840/195840]

inderChart/0.0069194_47.2738869.v0001/poss1_red_sub.fits
1
result: ['PhotoPlate0']
clean_result: ['PhotoPlate0']
Complete Query. These data lies within margin: 
['PhotoPlate0']
Retrieving data from server for 2rband
querying: wget  "http://irsa.ipac.caltech.edu/cgi-bin/FinderChart/nph-finder?locstr=0.0069194++47.2738869&survey=dss&mode=prog" 
http://irsa.ipac.caltech.edu/workspace/TMP_6TPaBp_14039/FinderChart/0.0069194__47.2738869.v0001/poss1_blue_sub.fits
http://irsa.ipac.caltech.edu/workspace/TMP_6TPaBp_14039/FinderChart/0.0069194__47.2738869.v0001/poss1_red_sub.fits
http://irsa.ipac.caltech.edu/workspace/TMP_6TPaBp_14039/FinderChart/0.0069194__47.2738869.v0001/poss2ukstu_blue_sub.fits
http://irsa.ipac.caltech.edu/workspace/TMP_6TPaBp_14039/FinderChart/0.0069194__47.2738869.v0001/poss2ukstu_red_sub.fits
POSSIIR
DSS_2r_0.0069194_+47.2738869.fits
http://irsa.ipac.caltech.edu/workspace/TMP_6TPaBp_14039/FinderChart/0.0069194__47.2738869.v0001/poss2ukstu_red_sub.fits
3
result:['DSS_2r_0.0069194_+47.2738869.fits', 'http://irsa.ipac.caltech.edu/workspace/TMP_6TPaBp_14039/FinderChart/0.0069194__47.2738869.v0001/poss2ukstu_red_sub.fits', 3]
Downloading DSS_2r_0.0069194_+47.2738869.fits
dss_out: 0
Creating mosaic for 2r band.
Only one field in region of interest
m:0.0599708230955
2m:0.119941646191
['DSS_2r_0.0069194_+47.2738869.fits', 'DSS_2r_0.0069194_+47.2738869.fits', '0.0069194', '+47.2738869', 0.1199416461909]
Completed Mosaic
------------------mosaic_band----------------------
Querying data that lies inside margin
('0.0069194', '+47.2738869', 0.05997082309545)
querying: wget  "http://irsa.ipac.caltech.edu/cgi-bin/FinderChart/nph-finder?locstr=0.0069194+47.2738869&survey=dss&mode=prog" 
http://irsa.ipac.caltech.edu/workspace/TMP_BTgeQv_14409/FinderChart/0.0069194_47.2738869.v0001/poss1_blue_sub.fits
http://irsa.ipac.caltech.edu/workspace/TMP_BTgeQv_14409/FinderChart/0.0069194_47.2738869.v0001/poss1_red_sub.fits
POSSIR
DSS_1r_0.0069194_47.2738869.fits
http://irsa.ipac.caltech.edu/workspace/TMP_BTgeQv_14409/FinderChart/0.0069194_47.2738869.v0001/poss1_red_sub.fits
1
querying: wget  "http://irsa.ipac.caltech.edu/cgi-bin/FinderChart/nph-finder?locstr=0.0069194+47.2738869&survey=dss&mode=prog" 
http://irsa.ipac.caltech.edu/workspace/TMP_LNFfHA_14582/FinderChart/0.0069194_47.2738869.v0001/poss1_blue_sub.fits
http://irsa.ipac.caltech.edu/workspace/TMP_LNFfHA_14582/FinderChart/0.0069194_47.2738869.v0001/poss1_red_sub.fits
POSSIR
DSS_1r_0.0069194_47.2738869.fits
http://irsa.ipac.caltech.edu/workspace/TMP_LNFfHA_14582/FinderChart/0.0069194_47.2738869.v0001/poss1_red_sub.fits
1
result: ['PhotoPlate0']
clean_result: ['PhotoPlate0']
Complete Query. These data lies within margin: 
['PhotoPlate0']
Retrieving data from server for 2irband
querying: wget  "http://irsa.ipac.caltech.edu/cgi-bin/FinderChart/nph-finder?locstr=0.0069194++47.2738869&survey=dss&mode=prog" 
http://irsa.ipac.caltech.edu/workspace/TMP_YlhuRP_14833/FinderChart/0.0069194__47.2738869.v0001/poss1_blue_sub.fits
http://irsa.ipac.caltech.edu/workspace/TMP_YlhuRP_14833/FinderChart/0.0069194__47.2738869.v0001/poss1_red_sub.fits
http://irsa.ipac.caltech.edu/workspace/TMP_YlhuRP_14833/FinderChart/0.0069194__47.2738869.v0001/poss2ukstu_blue_sub.fits
http://irsa.ipac.caltech.edu/workspace/TMP_YlhuRP_14833/FinderChart/0.0069194__47.2738869.v0001/poss2ukstu_red_sub.fits
http://irsa.ipac.caltech.edu/workspace/TMP_YlhuRP_14833/FinderChart/0.0069194__47.2738869.v0001/poss2ukstu_ir_sub.fits
POSSIIIR
DSS_2ir_0.0069194_+47.2738869.fits
http://irsa.ipac.caltech.edu/workspace/TMP_YlhuRP_14833/FinderChart/0.0069194__47.2738869.v0001/poss2ukstu_ir_sub.fits
4
result:['DSS_2ir_0.0069194_+47.2738869.fits', 'http://irsa.ipac.caltech.edu/workspace/TMP_YlhuRP_14833/FinderChart/0.0069194__47.2738869.v0001/poss2ukstu_ir_sub.fits', 4]
Downloading DSS_2ir_0.0069194_+47.2738869.fits
dss_out: 0
Creating mosaic for 2ir band.
Only one field in region of interest
m:0.0599708230955
2m:0.119941646191
['DSS_2ir_0.0069194_+47.2738869.fits', 'DSS_2ir_0.0069194_+47.2738869.fits', '0.0069194', '+47.2738869', 0.119
> WARNING: DSS.conf not found, using internal defaults

[1M> 
[1A----- STIFF 2.4.0 started on 2014-08-01 at 21:32:51 with 8 threads

> BigTIFF support is: ON (libTIFF V4.0)

[1M> Examining input data...
[1A[1M> 
[1A----- Inputs:
[1M> Examining File DSS_2b_0.0069194_+47.2738869.fits
[1A[1M> DSS_2b_0.0069194_+47.2738869.fits: Computing Image stats: 49%
[1ADSS_2b_0.0069194_+47.2738869.fits: "data"  299x299   16 bits (integers)
Background level: 4393        Min level: 3643        Max level: 17197     
[1M> Examining File DSS_2r_0.0069194_+47.2738869.fits
[1A[1M> DSS_2r_0.0069194_+47.2738869.fits: Computing Image stats: 49%
[1ADSS_2r_0.0069194_+47.2738869.fits: "data"  299x299   16 bits (integers)
Background level: 4389        Min level: 3656        Max level: 14396     
[1M> Examining File DSS_2ir_0.0069194_+47.2738869.fits
[1A[1M> DSS_2ir_0.0069194_+47.2738869.fits: Computing Image stats: 49%
[1ADSS_2ir_0.0069194_+47.2738869.fits: "data"  299x299   16 bits (integers)
Background level: 5183        Min level: 4020        Max level: 12900     

----- Output:
DSS_0.0069194_+47.2738869_BEST.tiff:    299x299     24 bits (integers) gamma: x1.00  compression: LZW 

[1M> Converting line:      1 / 299    
[1A[1M> Converting line:    100 / 299    
[1A[1M> Converting line:    200 / 299    
[1A[1M> 
[1A> All done (in 0.0 s: 10400.4 lines/s , 3.1 Mpixels/s)

> WARNING: DSS.conf not found, using internal defaults

[1M> 
[1A----- STIFF 2.4.0 started on 2014-08-01 at 21:32:51 with 8 threads

> BigTIFF support is: ON (libTIFF V4.0)

[1M> Examining input data...
[1A[1M> 
[1A----- Inputs:
[1M> Examining File DSS_2b_0.0069194_+47.2738869.fits
[1A[1M> DSS_2b_0.0069194_+47.2738869.fits: Computing Image stats: 49%
[1ADSS_2b_0.0069194_+47.2738869.fits: "data"  299x299   16 bits (integers)
Background level: 4393        Min level: 4292        Max level: 24589     
[1M> Examining File DSS_2r_0.0069194_+47.2738869.fits
[1A[1M> DSS_2r_0.0069194_+47.2738869.fits: Computing Image stats: 49%
[1ADSS_2r_0.0069194_+47.2738869.fits: "data"  299x299   16 bits (integers)
Background level: 4389        Min level: 4292        Max level: 24328     
[1M> Examining File DSS_2ir_0.0069194_+47.2738869.fits
[1A[1M> DSS_2ir_0.0069194_+47.2738869.fits: Computing Image stats: 49%
[1ADSS_2ir_0.0069194_+47.2738869.fits: "data"  299x299   16 bits (integers)
Background level: 5183        Min level: 5039        Max level: 24246     

----- Output:
DSS_0.0069194_+47.2738869_LOW.tiff:    299x299     24 bits (integers) gamma: x0.90  compression: LZW 

[1M> Converting line:      1 / 299    
[1A[1M> Converting line:    100 / 299    
[1A[1M> Converting line:    200 / 299    
[1A[1M> 
[1A> All done (in 0.0 s: 7538.5 lines/s , 2.3 Mpixels/s)
rm: cannot remove ‘1b’: No such file or directory
rm: cannot remove ‘1r’: No such file or directory
rm: cannot remove ‘2b’: No such file or directory
rm: cannot remove ‘2r’: No such file or directory
rm: cannot remove ‘2ir’: No such file or directory
--2014-08-01 21:32:51--  http://irsa.ipac.caltech.edu/cgi-bin/FinderChart/nph-finder?locstr=0.03625+-6.37472222222&survey=dss&mode=prog
Resolving irsa.ipac.caltech.edu (irsa.ipac.caltech.edu)... 134.4.54.110
Connecting to irsa.ipac.caltech.edu (irsa.ipac.caltech.edu)|134.4.54.110|:80... connected.
HTTP request sent, awaiting response... 200 OK
Length: unspecified [text/xml]
Saving to: ‘result.txt’

     0K ....                                                   10.5M=0s

2014-08-01 21:32:56 (10.5 MB/s) - ‘result.txt’ saved [4280]

--2014-08-01 21:32:56--  http://irsa.ipac.caltech.edu/cgi-bin/FinderChart/nph-finder?locstr=0.03625+-6.37472222222&survey=dss&mode=prog
Resolving irsa.ipac.caltech.edu (irsa.ipac.caltech.edu)... 134.4.54.110
Connecting to irsa.ipac.caltech.edu (irsa.ipac.caltech.edu)|134.4.54.110|:80... connected.
HTTP request sent, awaiting response... 200 OK
Length: unspecified [text/xml]
Saving to: ‘result.txt’

     0K ....                                                   6.19M=0.001s

2014-08-01 21:33:00 (6.19 MB/s) - ‘result.txt’ saved [4280]

--2014-08-01 21:33:00--  http://irsa.ipac.caltech.edu/cgi-bin/FinderChart/nph-finder?locstr=0.03625+-6.37472222222&survey=dss&mode=prog
Resolving irsa.ipac.caltech.edu (irsa.ipac.caltech.edu)... 134.4.54.110
Connecting to irsa.ipac.caltech.edu (irsa.ipac.caltech.edu)|134.4.54.110|:80... connected.
HTTP request sent, awaiting response... 