Done preparing data
2
12
23
30
35
35
35
43
53
54
55
58
54
Source confusion
63
Source confusion
63
58
Source confusion
65
69
70
73
75
75
79
79
79
89
91
94
94
99
100
101
102
108
109
112
Source confusion
110
112
109
Source confusion
116
119
120
129
Source confusion
120
129
Source confusion
124
129
120
Source confusion
120
Source confusion
138
140
143
146
146
151
156
158
160
163
165
168
175
176
179
181
186
187
190
195
201
204
205
205
207
207
211
212
213
218
219
223
226
227
233
235
240
243
250
255
255
263
279
281
282
Source confusion
282
281
Source confusion
288
290
292
295
295
295
301
303
305
307
309
312
312
319
320
322
322
325
328
329
330
331
332
336
348
353
354
354
358
364
365
365
367
377
377
381
382
383
393
399
415
425
431
437
437
449
450
450
456
458
461
465
468
473
474
477
482
474
Source confusion
483
488
Source confusion
485
488
483
Source confusion
496
496
504
504
509
510
Source confusion
510
509
Source confusion
511
515
517
520
526
515
538
540
546
540
551
553
558
562
564
565
567
564
Source confusion
569
574
583
585
585
595
598
608
613
613
617
613
621
624
627
634
634
637
638
638
642
644
645
647
650
651
652
654
658
659
660
658
662
670
671
676
679
684
687
690
690
695
696
698
701
703
706
707
709
714
721
725
726
729
731
742
Source confusion
732
732
742
731
Source confusion
748
751
753
757
759
762
764
767
772
774
775
779
781
781
789
791
793
796
798
800
800
809
810
814
816
818
825
825
830
831
831
833
835
837
841
847
852
859
865
867
869
874
875
878
879
887
889
892
896
897
902
908
910
912
912
912
912
919
921
924
926
929
930
937
952
962
963
967
970
974
978
979
1014
Source confusion
981
982
983
986
991
993
993
1009
1011
1014
1021
1024
1027
1034
1037
1038
1038
1044
1044
1047
1051
1052
1056
1058
1074
1083
1089
1099
1105
1105
1105
1105
1109
1113
1113
1123
1124
1125
1126
1127
1128
1128
1130
1128
1138
1139
1144
1144
1149
1149
1154
1158
1160
1162
1166
1170
1172
1173
1175
1176
1185
1187
Source confusion
1194
Source confusion
1186
1187
1185
Source confusion
1194
Source confusion
1197
Source confusion
1191
1185
Source confusion
1187
Source confusion
1197
Source confusion
1193
1194
1187
Source confusion
1197
Source confusion
1195
1197
1187
Source confusion
1194
Source confusion
1204
Source confusion
1198
1202
1204
1187
Source confusion
1197
Source confusion
1208
1204
Source confusion
1211
1218
1221
1224
Source confusion
1223
1224
1221
Source confusion
1225
1231
1236
1231
1238
1241
1242
1255
1264
1265
1267
1270
1275
1276
1284
3085
Source confusion
1285
1286
1288
1286
1286
1295
1301
1303
1305
1306
1309
Source confusion
1309
1306
Source confusion
1315
1325
1326
1328
1330
1333
1335
1336
1337
1346
1347
1349
1350
1351
1353
1357
1359
1359
1362
1370
1374
Source confusion
1388
Source confusion
1371
1372
1374
1388
Source confusion
1382
1387
1388
1405
1412
Source confusion
1412
Source confusion
1412
1405
Source confusion
1412
1405
Source confusion
1419
1422
1426
1433
1439
1440
1442
1450
1451
1452
1460
1460
1463
1464
1464
1478
1481
1485
1491
1491
1496
1498
1502
1511
1516
1517
1518
1520
1523
1524
1525
1535
1538
1538
1546
1550
1552
1559
2557
Source confusion
1566
1567
2557
Source confusion
1572
1575
1576
2557
Source confusion
1577
1578
1583
1591
1592
2557
Source confusion
1594
1595
1609
1610
1611
1611
1619
1621
1624
1624
1627
1628
1631
1632
1633
1634
1638
1641
1651
1652
1654
1655
1656
1658
1659
1660
1665
1672
1673
1674
1675
1676
1678
1678
1675
1691
1693
1693
