This is pdfTeX, Version 3.14159265-2.6-1.40.15 (TeX Live 2014) (preloaded format=pdflatex 2014.5.25)  14 SEP 2014 08:19
entering extended mode
 restricted \write18 enabled.
 %&-line parsing enabled.
**rc3_pipeline.tex
(./rc3_pipeline.tex
LaTeX2e <2014/05/01>
Babel <3.9k> and hyphenation patterns for 78 languages loaded.
(./elsarticle.cls
Document Class: elsarticle 2009/09/17, 1.20b: Elsevier Ltd
\@bls=\dimen102
(/usr/local/texlive/2014/texmf-dist/tex/latex/base/article.cls
Document Class: article 2007/10/19 v1.4h Standard LaTeX document class
(/usr/local/texlive/2014/texmf-dist/tex/latex/base/size12.clo
File: size12.clo 2007/10/19 v1.4h Standard LaTeX file (size option)
)
\c@part=\count79
\c@section=\count80
\c@subsection=\count81
\c@subsubsection=\count82
\c@paragraph=\count83
\c@subparagraph=\count84
\c@figure=\count85
\c@table=\count86
\abovecaptionskip=\skip41
\belowcaptionskip=\skip42
\bibindent=\dimen103
)
(/usr/local/texlive/2014/texmf-dist/tex/latex/graphics/graphicx.sty
Package: graphicx 2014/04/25 v1.0g Enhanced LaTeX Graphics (DPC,SPQR)

(/usr/local/texlive/2014/texmf-dist/tex/latex/graphics/keyval.sty
Package: keyval 2014/05/08 v1.15 key=value parser (DPC)
\KV@toks@=\toks14
)
(/usr/local/texlive/2014/texmf-dist/tex/latex/graphics/graphics.sty
Package: graphics 2009/02/05 v1.0o Standard LaTeX Graphics (DPC,SPQR)

(/usr/local/texlive/2014/texmf-dist/tex/latex/graphics/trig.sty
Package: trig 1999/03/16 v1.09 sin cos tan (DPC)
)
(/usr/local/texlive/2014/texmf-dist/tex/latex/latexconfig/graphics.cfg
File: graphics.cfg 2010/04/23 v1.9 graphics configuration of TeX Live
)
Package graphics Info: Driver file: pdftex.def on input line 91.

(/usr/local/texlive/2014/texmf-dist/tex/latex/pdftex-def/pdftex.def
File: pdftex.def 2011/05/27 v0.06d Graphics/color for pdfTeX

(/usr/local/texlive/2014/texmf-dist/tex/generic/oberdiek/infwarerr.sty
Package: infwarerr 2010/04/08 v1.3 Providing info/warning/error messages (HO)
)
(/usr/local/texlive/2014/texmf-dist/tex/generic/oberdiek/ltxcmds.sty
Package: ltxcmds 2011/11/09 v1.22 LaTeX kernel commands for general use (HO)
)
\Gread@gobject=\count87
))
\Gin@req@height=\dimen104
\Gin@req@width=\dimen105
)
(/usr/local/texlive/2014/texmf-dist/tex/latex/psnfss/pifont.sty
Package: pifont 2005/04/12 PSNFSS-v9.2a Pi font support (SPQR) 
LaTeX Font Info:    Try loading font information for U+pzd on input line 63.

(/usr/local/texlive/2014/texmf-dist/tex/latex/psnfss/upzd.fd
File: upzd.fd 2001/06/04 font definitions for U/pzd.
)
LaTeX Font Info:    Try loading font information for U+psy on input line 64.

(/usr/local/texlive/2014/texmf-dist/tex/latex/psnfss/upsy.fd
File: upsy.fd 2001/06/04 font definitions for U/psy.
))
\c@tnote=\count88
\c@fnote=\count89
\c@cnote=\count90
\c@ead=\count91
\c@author=\count92
\@eadauthor=\toks15
\c@affn=\count93
\absbox=\box26
\keybox=\box27
\Columnwidth=\dimen106
\space@left=\dimen107
\els@boxa=\box28
\els@boxb=\box29
\leftMargin=\dimen108
\@enLab=\toks16
\@sep=\skip43
\@@sep=\skip44

(./rc3_pipeline.spl)
(/usr/local/texlive/2014/texmf-dist/tex/latex/natbib/natbib.sty
Package: natbib 2010/09/13 8.31b (PWD, AO)
\bibhang=\skip45
\bibsep=\skip46
LaTeX Info: Redefining \cite on input line 694.
\c@NAT@ctr=\count94
)
\splwrite=\write3
\openout3 = `rc3_pipeline.spl'.


(/usr/local/texlive/2014/texmf-dist/tex/latex/geometry/geometry.sty
Package: geometry 2010/09/12 v5.6 Page Geometry

(/usr/local/texlive/2014/texmf-dist/tex/generic/oberdiek/ifpdf.sty
Package: ifpdf 2011/01/30 v2.3 Provides the ifpdf switch (HO)
Package ifpdf Info: pdfTeX in PDF mode is detected.
)
(/usr/local/texlive/2014/texmf-dist/tex/generic/oberdiek/ifvtex.sty
Package: ifvtex 2010/03/01 v1.5 Detect VTeX and its facilities (HO)
Package ifvtex Info: VTeX not detected.
)
(/usr/local/texlive/2014/texmf-dist/tex/generic/ifxetex/ifxetex.sty
Package: ifxetex 2010/09/12 v0.6 Provides ifxetex conditional
)
\Gm@cnth=\count95
\Gm@cntv=\count96
\c@Gm@tempcnt=\count97
\Gm@bindingoffset=\dimen109
\Gm@wd@mp=\dimen110
\Gm@odd@mp=\dimen111
\Gm@even@mp=\dimen112
\Gm@layoutwidth=\dimen113
\Gm@layoutheight=\dimen114
\Gm@layouthoffset=\dimen115
\Gm@layoutvoffset=\dimen116
\Gm@dimlist=\toks17
)
(/usr/local/texlive/2014/texmf-dist/tex/latex/base/fleqn.clo
File: fleqn.clo 1998/08/17 v1.1c Standard LaTeX option (flush left equations)
\mathindent=\dimen117
)
\appnamewidth=\dimen118
)
(/usr/local/texlive/2014/texmf-dist/tex/latex/txfonts/txfonts.sty
Package: txfonts 2008/01/22 v3.2.1
LaTeX Font Info:    Redeclaring symbol font `operators' on input line 21.
LaTeX Font Info:    Overwriting symbol font `operators' in version `normal'
(Font)                  OT1/cmr/m/n --> OT1/txr/m/n on input line 21.
LaTeX Font Info:    Overwriting symbol font `operators' in version `bold'
(Font)                  OT1/cmr/bx/n --> OT1/txr/m/n on input line 21.
LaTeX Font Info:    Overwriting symbol font `operators' in version `bold'
(Font)                  OT1/txr/m/n --> OT1/txr/bx/n on input line 22.
\symitalic=\mathgroup4
LaTeX Font Info:    Overwriting symbol font `italic' in version `bold'
(Font)                  OT1/txr/m/it --> OT1/txr/bx/it on input line 26.
LaTeX Font Info:    Redeclaring math alphabet \mathbf on input line 29.
LaTeX Font Info:    Overwriting math alphabet `\mathbf' in version `normal'
(Font)                  OT1/cmr/bx/n --> OT1/txr/bx/n on input line 29.
LaTeX Font Info:    Overwriting math alphabet `\mathbf' in version `bold'
(Font)                  OT1/cmr/bx/n --> OT1/txr/bx/n on input line 29.
LaTeX Font Info:    Redeclaring math alphabet \mathit on input line 30.
LaTeX Font Info:    Overwriting math alphabet `\mathit' in version `normal'
(Font)                  OT1/cmr/m/it --> OT1/txr/m/it on input line 30.
LaTeX Font Info:    Overwriting math alphabet `\mathit' in version `bold'
(Font)                  OT1/cmr/bx/it --> OT1/txr/m/it on input line 30.
LaTeX Font Info:    Overwriting math alphabet `\mathit' in version `bold'
(Font)                  OT1/txr/m/it --> OT1/txr/bx/it on input line 31.
LaTeX Font Info:    Redeclaring math alphabet \mathsf on input line 40.
LaTeX Font Info:    Overwriting math alphabet `\mathsf' in version `normal'
(Font)                  OT1/cmss/m/n --> OT1/txss/m/n on input line 40.
LaTeX Font Info:    Overwriting math alphabet `\mathsf' in version `bold'
(Font)                  OT1/cmss/bx/n --> OT1/txss/m/n on input line 40.
LaTeX Font Info:    Overwriting math alphabet `\mathsf' in version `bold'
(Font)                  OT1/txss/m/n --> OT1/txss/b/n on input line 41.
LaTeX Font Info:    Redeclaring math alphabet \mathtt on input line 50.
LaTeX Font Info:    Overwriting math alphabet `\mathtt' in version `normal'
(Font)                  OT1/cmtt/m/n --> OT1/txtt/m/n on input line 50.
LaTeX Font Info:    Overwriting math alphabet `\mathtt' in version `bold'
(Font)                  OT1/cmtt/m/n --> OT1/txtt/m/n on input line 50.
LaTeX Font Info:    Overwriting math alphabet `\mathtt' in version `bold'
(Font)                  OT1/txtt/m/n --> OT1/txtt/b/n on input line 51.
LaTeX Font Info:    Redeclaring symbol font `letters' on input line 58.
LaTeX Font Info:    Overwriting symbol font `letters' in version `normal'
(Font)                  OML/cmm/m/it --> OML/txmi/m/it on input line 58.
LaTeX Font Info:    Overwriting symbol font `letters' in version `bold'
(Font)                  OML/cmm/b/it --> OML/txmi/m/it on input line 58.
LaTeX Font Info:    Overwriting symbol font `letters' in version `bold'
(Font)                  OML/txmi/m/it --> OML/txmi/bx/it on input line 59.
\symlettersA=\mathgroup5
LaTeX Font Info:    Overwriting symbol font `lettersA' in version `bold'
(Font)                  U/txmia/m/it --> U/txmia/bx/it on input line 67.
LaTeX Font Info:    Redeclaring symbol font `symbols' on input line 77.
LaTeX Font Info:    Overwriting symbol font `symbols' in version `normal'
(Font)                  OMS/cmsy/m/n --> OMS/txsy/m/n on input line 77.
LaTeX Font Info:    Overwriting symbol font `symbols' in version `bold'
(Font)                  OMS/cmsy/b/n --> OMS/txsy/m/n on input line 77.
LaTeX Font Info:    Overwriting symbol font `symbols' in version `bold'
(Font)                  OMS/txsy/m/n --> OMS/txsy/bx/n on input line 78.
\symAMSa=\mathgroup6
LaTeX Font Info:    Overwriting symbol font `AMSa' in version `bold'
(Font)                  U/txsya/m/n --> U/txsya/bx/n on input line 94.
\symAMSb=\mathgroup7
LaTeX Font Info:    Overwriting symbol font `AMSb' in version `bold'
(Font)                  U/txsyb/m/n --> U/txsyb/bx/n on input line 103.
\symsymbolsC=\mathgroup8
LaTeX Font Info:    Overwriting symbol font `symbolsC' in version `bold'
(Font)                  U/txsyc/m/n --> U/txsyc/bx/n on input line 113.
LaTeX Font Info:    Redeclaring symbol font `largesymbols' on input line 120.
LaTeX Font Info:    Overwriting symbol font `largesymbols' in version `normal'
(Font)                  OMX/cmex/m/n --> OMX/txex/m/n on input line 120.
LaTeX Font Info:    Overwriting symbol font `largesymbols' in version `bold'
(Font)                  OMX/cmex/m/n --> OMX/txex/m/n on input line 120.
LaTeX Font Info:    Overwriting symbol font `largesymbols' in version `bold'
(Font)                  OMX/txex/m/n --> OMX/txex/bx/n on input line 121.
\symlargesymbolsA=\mathgroup9
LaTeX Font Info:    Overwriting symbol font `largesymbolsA' in version `bold'
(Font)                  U/txexa/m/n --> U/txexa/bx/n on input line 129.
LaTeX Info: Redefining \not on input line 1043.
)
(/usr/local/texlive/2014/texmf-dist/tex/latex/caption/caption.sty
Package: caption 2013/05/02 v3.3-89 Customizing captions (AR)

(/usr/local/texlive/2014/texmf-dist/tex/latex/caption/caption3.sty
Package: caption3 2013/05/02 v1.6-88 caption3 kernel (AR)
Package caption3 Info: TeX engine: e-TeX on input line 57.
\captionmargin=\dimen119
\captionmargin@=\dimen120
\captionwidth=\dimen121
\caption@tempdima=\dimen122
\caption@indent=\dimen123
\caption@parindent=\dimen124
\caption@hangindent=\dimen125
)
\c@ContinuedFloat=\count98
)
(/usr/local/texlive/2014/texmf-dist/tex/latex/float/float.sty
Package: float 2001/11/08 v1.3d Float enhancements (AL)
\c@float@type=\count99
\float@exts=\toks18
\float@box=\box30
\@float@everytoks=\toks19
\@floatcapt=\box31
)
(/usr/local/texlive/2014/texmf-dist/tex/latex/hyperref/hyperref.sty
Package: hyperref 2012/11/06 v6.83m Hypertext links for LaTeX

(/usr/local/texlive/2014/texmf-dist/tex/generic/oberdiek/hobsub-hyperref.sty
Package: hobsub-hyperref 2012/05/28 v1.13 Bundle oberdiek, subset hyperref (HO)


(/usr/local/texlive/2014/texmf-dist/tex/generic/oberdiek/hobsub-generic.sty
Package: hobsub-generic 2012/05/28 v1.13 Bundle oberdiek, subset generic (HO)
Package: hobsub 2012/05/28 v1.13 Construct package bundles (HO)
Package hobsub Info: Skipping package `infwarerr' (already loaded).
Package hobsub Info: Skipping package `ltxcmds' (already loaded).
Package: ifluatex 2010/03/01 v1.3 Provides the ifluatex switch (HO)
Package ifluatex Info: LuaTeX not detected.
Package hobsub Info: Skipping package `ifvtex' (already loaded).
Package: intcalc 2007/09/27 v1.1 Expandable calculations with integers (HO)
Package hobsub Info: Skipping package `ifpdf' (already loaded).
Package: etexcmds 2011/02/16 v1.5 Avoid name clashes with e-TeX commands (HO)
Package etexcmds Info: Could not find \expanded.
(etexcmds)             That can mean that you are not using pdfTeX 1.50 or
(etexcmds)             that some package has redefined \expanded.
(etexcmds)             In the latter case, load this package earlier.
Package: kvsetkeys 2012/04/25 v1.16 Key value parser (HO)
Package: kvdefinekeys 2011/04/07 v1.3 Define keys (HO)
Package: pdftexcmds 2011/11/29 v0.20 Utility functions of pdfTeX for LuaTeX (HO
)
Package pdftexcmds Info: LuaTeX not detected.
Package pdftexcmds Info: \pdf@primitive is available.
Package pdftexcmds Info: \pdf@ifprimitive is available.
Package pdftexcmds Info: \pdfdraftmode found.
Package: pdfescape 2011/11/25 v1.13 Implements pdfTeX's escape features (HO)
Package: bigintcalc 2012/04/08 v1.3 Expandable calculations on big integers (HO
)
Package: bitset 2011/01/30 v1.1 Handle bit-vector datatype (HO)
Package: uniquecounter 2011/01/30 v1.2 Provide unlimited unique counter (HO)
)
Package hobsub Info: Skipping package `hobsub' (already loaded).
Package: letltxmacro 2010/09/02 v1.4 Let assignment for LaTeX macros (HO)
Package: hopatch 2012/05/28 v1.2 Wrapper for package hooks (HO)
Package: xcolor-patch 2011/01/30 xcolor patch
Package: atveryend 2011/06/30 v1.8 Hooks at the very end of document (HO)
Package atveryend Info: \enddocument detected (standard20110627).
Package: atbegshi 2011/10/05 v1.16 At begin shipout hook (HO)
Package: refcount 2011/10/16 v3.4 Data extraction from label references (HO)
Package: hycolor 2011/01/30 v1.7 Color options for hyperref/bookmark (HO)
)
(/usr/local/texlive/2014/texmf-dist/tex/latex/oberdiek/auxhook.sty
Package: auxhook 2011/03/04 v1.3 Hooks for auxiliary files (HO)
)
(/usr/local/texlive/2014/texmf-dist/tex/latex/oberdiek/kvoptions.sty
Package: kvoptions 2011/06/30 v3.11 Key value format for package options (HO)
)
\@linkdim=\dimen126
\Hy@linkcounter=\count100
\Hy@pagecounter=\count101

(/usr/local/texlive/2014/texmf-dist/tex/latex/hyperref/pd1enc.def
File: pd1enc.def 2012/11/06 v6.83m Hyperref: PDFDocEncoding definition (HO)
)
\Hy@SavedSpaceFactor=\count102

(/usr/local/texlive/2014/texmf-dist/tex/latex/latexconfig/hyperref.cfg
File: hyperref.cfg 2002/06/06 v1.2 hyperref configuration of TeXLive
)
Package hyperref Info: Hyper figures OFF on input line 4443.
Package hyperref Info: Link nesting OFF on input line 4448.
Package hyperref Info: Hyper index ON on input line 4451.
Package hyperref Info: Plain pages OFF on input line 4458.
Package hyperref Info: Backreferencing OFF on input line 4463.
Package hyperref Info: Implicit mode ON; LaTeX internals redefined.
Package hyperref Info: Bookmarks ON on input line 4688.
\c@Hy@tempcnt=\count103

(/usr/local/texlive/2014/texmf-dist/tex/latex/url/url.sty
\Urlmuskip=\muskip10
Package: url 2013/09/16  ver 3.4  Verb mode for urls, etc.
)
LaTeX Info: Redefining \url on input line 5041.
\XeTeXLinkMargin=\dimen127
\Fld@menulength=\count104
\Field@Width=\dimen128
\Fld@charsize=\dimen129
Package hyperref Info: Hyper figures OFF on input line 6295.
Package hyperref Info: Link nesting OFF on input line 6300.
Package hyperref Info: Hyper index ON on input line 6303.
Package hyperref Info: backreferencing OFF on input line 6310.
Package hyperref Info: Link coloring OFF on input line 6315.
Package hyperref Info: Link coloring with OCG OFF on input line 6320.
Package hyperref Info: PDF/A mode OFF on input line 6325.
LaTeX Info: Redefining \ref on input line 6365.
LaTeX Info: Redefining \pageref on input line 6369.
\Hy@abspage=\count105
\c@Item=\count106
\c@Hfootnote=\count107
)

Package hyperref Message: Driver (autodetected): hpdftex.

(/usr/local/texlive/2014/texmf-dist/tex/latex/hyperref/hpdftex.def
File: hpdftex.def 2012/11/06 v6.83m Hyperref driver for pdfTeX
\Fld@listcount=\count108
\c@bookmark@seq@number=\count109

(/usr/local/texlive/2014/texmf-dist/tex/latex/oberdiek/rerunfilecheck.sty
Package: rerunfilecheck 2011/04/15 v1.7 Rerun checks for auxiliary files (HO)
Package uniquecounter Info: New unique counter `rerunfilecheck' on input line 2
82.
)
\Hy@SectionHShift=\skip47
)
(/usr/local/texlive/2014/texmf-dist/tex/latex/caption/subcaption.sty
Package: subcaption 2013/02/03 v1.1-62 Sub-captions (AR)
\c@subfigure=\count110
\c@subtable=\count111
)
(./rc3_pipeline.aux)
\openout1 = `rc3_pipeline.aux'.

LaTeX Font Info:    Checking defaults for OML/txmi/m/it on input line 14.
LaTeX Font Info:    Try loading font information for OML+txmi on input line 14.


(/usr/local/texlive/2014/texmf-dist/tex/latex/txfonts/omltxmi.fd
File: omltxmi.fd 2000/12/15 v3.1
)
LaTeX Font Info:    ... okay on input line 14.
LaTeX Font Info:    Checking defaults for T1/cmr/m/n on input line 14.
LaTeX Font Info:    ... okay on input line 14.
LaTeX Font Info:    Checking defaults for OT1/cmr/m/n on input line 14.
LaTeX Font Info:    ... okay on input line 14.
LaTeX Font Info:    Checking defaults for OMS/txsy/m/n on input line 14.
LaTeX Font Info:    Try loading font information for OMS+txsy on input line 14.


(/usr/local/texlive/2014/texmf-dist/tex/latex/txfonts/omstxsy.fd
File: omstxsy.fd 2000/12/15 v3.1
)
LaTeX Font Info:    ... okay on input line 14.
LaTeX Font Info:    Checking defaults for OMX/txex/m/n on input line 14.
LaTeX Font Info:    Try loading font information for OMX+txex on input line 14.


(/usr/local/texlive/2014/texmf-dist/tex/latex/txfonts/omxtxex.fd
File: omxtxex.fd 2000/12/15 v3.1
)
LaTeX Font Info:    ... okay on input line 14.
LaTeX Font Info:    Checking defaults for U/txexa/m/n on input line 14.
LaTeX Font Info:    Try loading font information for U+txexa on input line 14.

(/usr/local/texlive/2014/texmf-dist/tex/latex/txfonts/utxexa.fd
File: utxexa.fd 2000/12/15 v3.1
)
LaTeX Font Info:    ... okay on input line 14.
LaTeX Font Info:    Checking defaults for PD1/pdf/m/n on input line 14.
LaTeX Font Info:    ... okay on input line 14.
LaTeX Font Info:    Try loading font information for OT1+txr on input line 14.

(/usr/local/texlive/2014/texmf-dist/tex/latex/txfonts/ot1txr.fd
File: ot1txr.fd 2000/12/15 v3.1
)
(/usr/local/texlive/2014/texmf-dist/tex/context/base/supp-pdf.mkii
[Loading MPS to PDF converter (version 2006.09.02).]
\scratchcounter=\count112
\scratchdimen=\dimen130
\scratchbox=\box32
\nofMPsegments=\count113
\nofMParguments=\count114
\everyMPshowfont=\toks20
\MPscratchCnt=\count115
\MPscratchDim=\dimen131
\MPnumerator=\count116
\makeMPintoPDFobject=\count117
\everyMPtoPDFconversion=\toks21
) (/usr/local/texlive/2014/texmf-dist/tex/latex/oberdiek/epstopdf-base.sty
Package: epstopdf-base 2010/02/09 v2.5 Base part for package epstopdf

(/usr/local/texlive/2014/texmf-dist/tex/latex/oberdiek/grfext.sty
Package: grfext 2010/08/19 v1.1 Manage graphics extensions (HO)
)
Package grfext Info: Graphics extension search list:
(grfext)             [.png,.pdf,.jpg,.mps,.jpeg,.jbig2,.jb2,.PNG,.PDF,.JPG,.JPE
G,.JBIG2,.JB2,.eps]
(grfext)             \AppendGraphicsExtensions on input line 452.

(/usr/local/texlive/2014/texmf-dist/tex/latex/latexconfig/epstopdf-sys.cfg
File: epstopdf-sys.cfg 2010/07/13 v1.3 Configuration of (r)epstopdf for TeX Liv
e
))
*geometry* driver: auto-detecting
*geometry* detected driver: pdftex
*geometry* verbose mode - [ preamble ] result:
* driver: pdftex
* paper: custom
* layout: <same size as paper>
* layoutoffset:(h,v)=(0.0pt,0.0pt)
* hratio: 1:1
* vratio: 1:1
* modes: 
* h-part:(L,W,R)=(37.75394pt, 522.0pt, 37.75394pt)
* v-part:(T,H,B)=(81.52342pt, 682.0pt, 81.52342pt)
* \paperwidth=597.50787pt
* \paperheight=845.04684pt
* \textwidth=522.0pt
* \textheight=682.0pt
* \oddsidemargin=-34.51605pt
* \evensidemargin=-34.51605pt
* \topmargin=-52.74657pt
* \headheight=50.0pt
* \headsep=12.0pt
* \topskip=12.0pt
* \footskip=18.0pt
* \marginparwidth=44.0pt
* \marginparsep=10.0pt
* \columnsep=18.0pt
* \skip\footins=24.0pt plus 2.0pt minus 12.0pt
* \hoffset=0.0pt
* \voffset=0.0pt
* \mag=1000
* \@twocolumntrue
* \@twosidefalse
* \@mparswitchfalse
* \@reversemarginfalse
* (1in=72.27pt=25.4mm, 1cm=28.453pt)

Package caption Info: Begin \AtBeginDocument code.
Package caption Info: float package is loaded.
Package caption Info: hyperref package is loaded.
Package caption Info: End \AtBeginDocument code.
\AtBeginShipoutBox=\box33
Package hyperref Info: Link coloring OFF on input line 14.
(/usr/local/texlive/2014/texmf-dist/tex/latex/hyperref/nameref.sty
Package: nameref 2012/10/27 v2.43 Cross-referencing by name of section

(/usr/local/texlive/2014/texmf-dist/tex/generic/oberdiek/gettitlestring.sty
Package: gettitlestring 2010/12/03 v1.4 Cleanup title references (HO)
)
\c@section@level=\count118
)
LaTeX Info: Redefining \ref on input line 14.
LaTeX Info: Redefining \pageref on input line 14.
LaTeX Info: Redefining \nameref on input line 14.

(./rc3_pipeline.out) (./rc3_pipeline.out)
\@outlinefile=\write4
\openout4 = `rc3_pipeline.out'.

LaTeX Font Info:    Try loading font information for U+txmia on input line 19.

(/usr/local/texlive/2014/texmf-dist/tex/latex/txfonts/utxmia.fd
File: utxmia.fd 2000/12/15 v3.1
)
LaTeX Font Info:    Try loading font information for U+txsya on input line 19.

(/usr/local/texlive/2014/texmf-dist/tex/latex/txfonts/utxsya.fd
File: utxsya.fd 2000/12/15 v3.1
)
LaTeX Font Info:    Try loading font information for U+txsyb on input line 19.

(/usr/local/texlive/2014/texmf-dist/tex/latex/txfonts/utxsyb.fd
File: utxsyb.fd 2000/12/15 v3.1
)
LaTeX Font Info:    Try loading font information for U+txsyc on input line 19.

(/usr/local/texlive/2014/texmf-dist/tex/latex/txfonts/utxsyc.fd
File: utxsyc.fd 2000/12/15 v3.1
)
Overfull \hbox (0.76802pt too wide) in paragraph at lines 24--25
\OT1/txr/m/n/12 ob-jects for sub-se-quent study, for ex-am-ple the Messier
 []


Overfull \hbox (1.73683pt too wide) in paragraph at lines 26--27
[]\OT1/txr/m/n/12 One of the more pop-u-lar cat-a-logs of nearby galax-
 []


Overfull \hbox (1.176pt too wide) in paragraph at lines 26--27
\OT1/txr/m/n/12 tal level, with a to-tal $\OML/txmi/m/it/12 B$\OT1/txr/m/n/12 -
band mag-ni-tudes brighter than
 []


Overfull \hbox (0.68399pt too wide) in paragraph at lines 26--27
[]\OT1/txr/m/n/12 15\OML/txmi/m/it/12 :\OT1/txr/m/n/12 5$, and with a red-shift
 not in ex-cess of 15,000 km/s.
 []

[1{/usr/local/texlive/2014/texmf-var/fonts/map/pdftex/updmap/pdftex.map}


]
Overfull \hbox (24.54001pt too wide) in paragraph at lines 40--41
\OT1/txr/m/n/12 field In-frared Sur-vey Ex-plorer (WISE; Wright et al.,2010),
 []


Package hyperref Warning: Difference (2) between bookmark levels is greater 
(hyperref)                than one, level fixed on input line 42.


Overfull \hbox (12.84pt too wide) in paragraph at lines 46--47
\OT1/txr/m/n/12 uniform dis-tri-bu-tion of up-dated galax-ies. In this project,

 []

[2]
Overfull \hbox (18.672pt too wide) in paragraph at lines 48--49
\OT1/txr/m/n/12 cos-mol-ogy, for ex-am-ple within the New York University-
 []


Overfull \hbox (3.95999pt too wide) in paragraph at lines 54--55
\OT1/txr/m/n/12 al-go-rithm is to re-solve the prob-lem of cen-ter-ing galax-
 []


Overfull \hbox (0.98401pt too wide) in paragraph at lines 54--55
\OT1/txr/m/n/12 Ini-tially, us-ing the stan-dard mo-saick-ing steps in Mon-
 []


Overfull \hbox (28.77008pt too wide) in paragraph at lines 75--84
[][]
 []


Underfull \hbox (badness 10000) in paragraph at lines 89--89
[][][][]$\OT1/cmtt/m/n/10 http : / / skyserver . sdss3 . org / dr10 / en / help
 /
 []


Overfull \hbox (4.39911pt too wide) in paragraph at lines 87--90
[]\OT1/txr/m/n/12 The SDSS data is pass through the $[]$ pipeline,
 []


Overfull \hbox (16.10403pt too wide) in paragraph at lines 87--90
\OT1/txr/m/n/12 Line Query Tool. Then the the cal-i-brated, sky-subtracted
 []


Overfull \hbox (15.29683pt too wide) in paragraph at lines 91--94
[]\OT1/txr/m/n/12 The 2MASS([]Skrutskie et al.[], []2006[]) is a near-infrared
 []


Overfull \hbox (11.66328pt too wide) in paragraph at lines 91--94
\OT1/txr/m/n/12 data pro-cessed through the 2MASS Pro-duc-tion Pipeline
 []

[3]
Overfull \hbox (20.92479pt too wide) in paragraph at lines 95--100
[]\OT1/txr/m/n/12 The Sec-ond Palo-mar Ob-ser-va-tory Sky Sur-vey (POSS-
 []


Overfull \hbox (4.45128pt too wide) in paragraph at lines 95--100
\OT1/txr/m/n/12 to-graphic plate J,F,N bands was cal-i-brated to the Gunn
 []


Overfull \hbox (8.53131pt too wide) in paragraph at lines 95--100
\OT1/txr/m/n/12 ence Archive's (IRSA) Finder Pro-gram In-ter-face. Each
 []


Overfull \hbox (14.184pt too wide) in paragraph at lines 95--100
\OT1/txr/m/n/12 bound-ary on pho-to-graphic plates suf-fers from vi-gnetting
 []

<figures/algorithm.png, id=162, 711.65875pt x 940.51375pt>
File: figures/algorithm.png Graphic file (type png)

<use figures/algorithm.png>
Package pdftex.def Info: figures/algorithm.png used on input line 107.
(pdftex.def)             Requested size: 261.0pt x 344.92786pt.

Overfull \hbox (9.0pt too wide) in paragraph at lines 107--108
[][] 
 []


Overfull \hbox (1.14003pt too wide) in paragraph at lines 112--113
\OT1/txr/m/n/12 ber, up-dated and cat-a-log ra,dec,radius for each galaxy
 []

[4 <./figures/algorithm.png>]
Overfull \hbox (2.77127pt too wide) in paragraph at lines 114--115
\OT1/txr/m/n/12 R,G,B map-ping by STIFF. Also, []Skrut-skie et al.[], []2006[]
 []

<figures/PGC58b4SC.jpg, id=178, 61.22874pt x 61.22874pt>
File: figures/PGC58b4SC.jpg Graphic file (type jpg)

<use figures/PGC58b4SC.jpg>
Package pdftex.def Info: figures/PGC58b4SC.jpg used on input line 119.
(pdftex.def)             Requested size: 52.1992pt x 52.20068pt.

<figures/PGC58afterSC.jpg, id=179, 143.53625pt x 143.53625pt>
File: figures/PGC58afterSC.jpg Graphic file (type jpg)

<use figures/PGC58afterSC.jpg>
Package pdftex.def Info: figures/PGC58afterSC.jpg used on input line 125.
(pdftex.def)             Requested size: 52.1992pt x 52.19864pt.

<figures/navigator.png, id=182, 636.6987pt x 565.1514pt>
File: figures/navigator.png Graphic file (type png)

<use figures/navigator.png>
Package pdftex.def Info: figures/navigator.png used on input line 136.
(pdftex.def)             Requested size: 261.0pt x 231.67044pt.

Overfull \hbox (9.0pt too wide) in paragraph at lines 136--137
[][] 
 []


Overfull \hbox (4.0888pt too wide) in paragraph at lines 131--140
[]\OT1/txr/m/n/12 Large galax-ies tends to form grav-i-ta-tion-ally bound
 []


Overfull \hbox (10.54485pt too wide) in paragraph at lines 131--140
[]\OT1/txr/m/n/12 We need to cross-correlate the co-or-di-nate by match-
 []


Overfull \hbox (14.94002pt too wide) in paragraph at lines 131--140
\OT1/txr/m/n/12 ing to-gether the rel-a-tive dif-fer-ences be-tween the sources
,
 []


LaTeX Warning: `h' float specifier changed to `ht'.

<figures/hierarchy.jpg, id=183, 667.49374pt x 804.00375pt>
File: figures/hierarchy.jpg Graphic file (type jpg)

<use figures/hierarchy.jpg>
Package pdftex.def Info: figures/hierarchy.jpg used on input line 142.
(pdftex.def)             Requested size: 261.0pt x 314.38217pt.

Overfull \hbox (9.0pt too wide) in paragraph at lines 142--144
[][]
 []


LaTeX Warning: `h' float specifier changed to `ht'.


Overfull \hbox (6.516pt too wide) in paragraph at lines 146--147
\OT1/txr/m/n/12 com-po-nents re-quired for mo-saick-ing pro-gram to work.
 []


Overfull \hbox (3.29506pt too wide) in paragraph at lines 146--147
\OT1/txr/m/n/12 flected in our de-sign of the ab-stract $[]$, $[]$,
 []


Overfull \hbox (4.42801pt too wide) in paragraph at lines 148--149
\OT1/txr/m/n/12 query-ing imag-ing data and re-triev-ing data from server.
 []

[5 <./figures/PGC58b4SC.jpg> <./figures/PGC58afterSC.jpg>]
Overfull \hbox (11.25703pt too wide) in paragraph at lines 152--153
\OT1/txr/m/n/12 lies in-side the cat-a-log. Al-though the use of the $[]$
 []


Overfull \hbox (4.02002pt too wide) in paragraph at lines 152--153
\OT1/txr/m/n/12 sep-a-ra-tion be-tween ba-sic mo-saick-ing func-tion-al-ity for

 []

[6 <./figures/navigator.png> <./figures/hierarchy.jpg>]
<figures/SDSS_120_LOW.jpg, id=207, 211.79124pt x 211.79124pt>
File: figures/SDSS_120_LOW.jpg Graphic file (type jpg)

<use figures/SDSS_120_LOW.jpg>
Package pdftex.def Info: figures/SDSS_120_LOW.jpg used on input line 156.
(pdftex.def)             Requested size: 156.6016pt x 156.60672pt.

<figures/DSS_120_BEST.jpg, id=208, 300.12125pt x 300.12125pt>
File: figures/DSS_120_BEST.jpg Graphic file (type jpg)

<use figures/DSS_120_BEST.jpg>
Package pdftex.def Info: figures/DSS_120_BEST.jpg used on input line 157.
(pdftex.def)             Requested size: 156.6016pt x 156.60432pt.

<figures/2MASS_120_BEST.jpg, id=209, 211.79124pt x 211.79124pt>
File: figures/2MASS_120_BEST.jpg Graphic file (type jpg)

<use figures/2MASS_120_BEST.jpg>
Package pdftex.def Info: figures/2MASS_120_BEST.jpg used on input line 158.
(pdftex.def)             Requested size: 156.6016pt x 156.60672pt.

<figures/SDSS_1154_BEST.jpg, id=210, 176.66pt x 176.66pt>
File: figures/SDSS_1154_BEST.jpg Graphic file (type jpg)

<use figures/SDSS_1154_BEST.jpg>
Package pdftex.def Info: figures/SDSS_1154_BEST.jpg used on input line 171.
(pdftex.def)             Requested size: 104.3984pt x 104.39832pt.

<figures/DSS_1154_BEST.jpg, id=211, 300.12125pt x 300.12125pt>
File: figures/DSS_1154_BEST.jpg Graphic file (type jpg)

<use figures/DSS_1154_BEST.jpg>
Package pdftex.def Info: figures/DSS_1154_BEST.jpg used on input line 172.
(pdftex.def)             Requested size: 104.3984pt x 104.3983pt.

Overfull \hbox (13.87129pt too wide) in paragraph at lines 164--176
\OT1/txr/m/n/12 the SDSS foot-print. The au-to-mated mo-saick-ing pipeline
 []


Overfull \hbox (5.328pt too wide) in paragraph at lines 164--176
\OT1/txr/m/n/12 saick-ing pipeline was suc-cess-ful for[*] % of the galax-
 []


Overfull \hbox (3.59685pt too wide) in paragraph at lines 179--180
[]\OT1/txr/m/n/12 We ac-cel-er-ate the mo-saick-ing pro-cess by per-form-
 []


Overfull \hbox (5.53801pt too wide) in paragraph at lines 179--180
\OT1/txr/m/n/12 2MASS, The $\OML/txmi/m/it/12 K[]$ \OT1/txr/m/n/12 band was cho
-sen to be the $[]$
 []


Overfull \hbox (4.77603pt too wide) in paragraph at lines 181--182
\OT1/txr/m/n/12 Pass-ing In-ter-face (MPI). There-fore, the speed de-pends
 []


Overfull \hbox (1.89601pt too wide) in paragraph at lines 187--188
\OT1/txr/m/n/12 es-ti-mat-ing up-per and lower cuts on the dy-namic range
 []

[7 <./figures/SDSS_1154_BEST.jpg> <./figures/DSS_1154_BEST.jpg>]
Overfull \hbox (5.08672pt too wide) in paragraph at lines 205--206
\OT1/txr/m/n/12 cre-ates the re-pro-jected im-age from the raw FITS
 []


Overfull \hbox (0.26273pt too wide) in paragraph at lines 205--206
\OT1/txr/m/n/12 cess-ful and ta-ble and header files are cor-rupted.
 []


Overfull \hbox (5.2547pt too wide) in paragraph at lines 205--206
\OT1/txr/m/n/12 This re-sults in an er-ror in later mo-saick-ing steps.
 []


Overfull \hbox (4.88272pt too wide) in paragraph at lines 205--206
\OT1/txr/m/n/12 nates cor-rectly in such cases and wrote the prob-
 []


Overfull \hbox (4.0187pt too wide) in paragraph at lines 205--206
\OT1/txr/m/n/12 lem-atic galaxy into failed[]projection, which can
 []


Overfull \hbox (1.54973pt too wide) in paragraph at lines 206--207
[]$[]$ \OT1/txr/m/n/12 crops a fin-ished mo-saic to the spec-
 []


Overfull \hbox (0.51472pt too wide) in paragraph at lines 206--207
\OT1/txr/m/n/12 i-fied box frame. Mon-tage throws an er-ror when
 []

[8 <./figures/SDSS_120_LOW.jpg> <./figures/DSS_120_BEST.jpg> <./figures/2MASS_1
20_BEST.jpg>]
Overfull \hbox (7.656pt too wide) in paragraph at lines 208--209
\OT1/txr/m/n/12 Montage's back-ground rec-ti-fi-ca-tion mod-ule is not used
 []


Overfull \hbox (14.63927pt too wide) in paragraph at lines 211--212
\OT1/txr/m/n/12 through the mo-saick-ing pipeline us-ing SDSS and POSS-
 []


Overfull \hbox (20.93999pt too wide) in paragraph at lines 213--214
\OT1/txr/m/n/12 multi-band color im-ages with mo-saics from sin-gle/double
 []


Overfull \hbox (0.62256pt too wide) in paragraph at lines 215--218
\OT1/txr/m/n/12 data prod-uct from the SDSS and POSS-II run is avail-
 []


Overfull \hbox (31.0291pt too wide) in paragraph at lines 215--218
\OT1/txr/m/n/12 able via a search form at []$\OT1/cmtt/m/n/12 http : / / lcdm .
 astro . illinois .
 []


Overfull \hbox (1.85947pt too wide) in paragraph at lines 221--224
\OT1/txr/m/n/10 tage is main-tained by the NASA/IPAC In-frared Sci-ence Archive
.
 []


Overfull \hbox (3.86008pt too wide) in paragraph at lines 221--224
\OT1/txr/m/n/10 the French Par-tic-i-pa-tion Group, the Ger-man Par-tic-i-pa-ti
on Group,
 []


Overfull \hbox (6.90005pt too wide) in paragraph at lines 221--224
\OT1/txr/m/n/10 ver-sity, Uni-ver-sity of Portsmouth, Prince-ton Uni-ver-sity, 
the Span-
 []


Overfull \hbox (4.02007pt too wide) in paragraph at lines 221--224
\OT1/txr/m/n/10 ish Par-tic-i-pa-tion Group, Uni-ver-sity of Tokyo, Uni-ver-sit
y of Utah,
 []


Overfull \hbox (7.52005pt too wide) in paragraph at lines 221--224
\OT1/txr/m/n/10 Van-der-bilt Uni-ver-sity, Uni-ver-sity of Vir-ginia, Uni-ver-s
ity of Wash-
 []

[9] (./rc3_pipeline.bbl)
Package atveryend Info: Empty hook `BeforeClearDocument' on input line 231.
 [10]
Package atveryend Info: Empty hook `AfterLastShipout' on input line 231.
 (./rc3_pipeline.aux)
Package atveryend Info: Executing hook `AtVeryEndDocument' on input line 231.
Package atveryend Info: Executing hook `AtEndAfterFileList' on input line 231.
Package rerunfilecheck Info: File `rc3_pipeline.out' has not changed.
(rerunfilecheck)             Checksum: 6AA7C37ABB8753158DA5871884FBE2BF;1404.
Package atveryend Info: Empty hook `AtVeryVeryEnd' on input line 231.
 ) 
Here is how much of TeX's memory you used:
 8161 strings out of 493117
 120988 string characters out of 6135433
 215636 words of memory out of 5000000
 11423 multiletter control sequences out of 15000+600000
 41550 words of font info for 105 fonts, out of 8000000 for 9000
 1141 hyphenation exceptions out of 8191
 36i,9n,38p,1366b,479s stack positions out of 5000i,500n,10000p,200000b,80000s
{/usr/local/texlive/2014/texmf-dist/fonts/enc/dvips/base/8r.enc}</usr/local/t
exlive/2014/texmf-dist/fonts/type1/public/amsfonts/cm/cmtt10.pfb></usr/local/te
xlive/2014/texmf-dist/fonts/type1/public/amsfonts/cm/cmtt12.pfb></usr/local/tex
live/2014/texmf-dist/fonts/type1/public/txfonts/rtxb.pfb></usr/local/texlive/20
14/texmf-dist/fonts/type1/public/txfonts/rtxmi.pfb></usr/local/texlive/2014/tex
mf-dist/fonts/type1/public/txfonts/rtxr.pfb></usr/local/texlive/2014/texmf-dist
/fonts/type1/public/txfonts/txsy.pfb></usr/local/texlive/2014/texmf-dist/fonts/
type1/urw/times/utmb8a.pfb></usr/local/texlive/2014/texmf-dist/fonts/type1/urw/
times/utmr8a.pfb></usr/local/texlive/2014/texmf-dist/fonts/type1/urw/times/utmr
i8a.pfb>
Output written on rc3_pipeline.pdf (10 pages, 630389 bytes).
PDF statistics:
 314 PDF objects out of 1000 (max. 8388607)
 277 compressed objects within 3 object streams
 69 named destinations out of 1000 (max. 500000)
 227 words of extra memory for PDF output out of 10000 (max. 10000000)

