This is pdfTeX, Version 3.14159265-2.6-1.40.15 (TeX Live 2014) (preloaded format=pdflatex 2014.5.25)  12 JUN 2015 07:26
entering extended mode
 restricted \write18 enabled.
 %&-line parsing enabled.
**rc3_pipeline.tex
(./rc3_pipeline.tex
LaTeX2e <2014/05/01>
Babel <3.9k> and hyphenation patterns for 78 languages loaded.
(./elsarticle.cls
Document Class: elsarticle 2009/09/17, 1.20b: Elsevier Ltd
\@bls=\dimen102
(/usr/local/texlive/2014/texmf-dist/tex/latex/base/article.cls
Document Class: article 2007/10/19 v1.4h Standard LaTeX document class
(/usr/local/texlive/2014/texmf-dist/tex/latex/base/size12.clo
File: size12.clo 2007/10/19 v1.4h Standard LaTeX file (size option)
)
\c@part=\count79
\c@section=\count80
\c@subsection=\count81
\c@subsubsection=\count82
\c@paragraph=\count83
\c@subparagraph=\count84
\c@figure=\count85
\c@table=\count86
\abovecaptionskip=\skip41
\belowcaptionskip=\skip42
\bibindent=\dimen103
)
(/usr/local/texlive/2014/texmf-dist/tex/latex/graphics/graphicx.sty
Package: graphicx 2014/04/25 v1.0g Enhanced LaTeX Graphics (DPC,SPQR)

(/usr/local/texlive/2014/texmf-dist/tex/latex/graphics/keyval.sty
Package: keyval 2014/05/08 v1.15 key=value parser (DPC)
\KV@toks@=\toks14
)
(/usr/local/texlive/2014/texmf-dist/tex/latex/graphics/graphics.sty
Package: graphics 2009/02/05 v1.0o Standard LaTeX Graphics (DPC,SPQR)

(/usr/local/texlive/2014/texmf-dist/tex/latex/graphics/trig.sty
Package: trig 1999/03/16 v1.09 sin cos tan (DPC)
)
(/usr/local/texlive/2014/texmf-dist/tex/latex/latexconfig/graphics.cfg
File: graphics.cfg 2010/04/23 v1.9 graphics configuration of TeX Live
)
Package graphics Info: Driver file: pdftex.def on input line 91.

(/usr/local/texlive/2014/texmf-dist/tex/latex/pdftex-def/pdftex.def
File: pdftex.def 2011/05/27 v0.06d Graphics/color for pdfTeX

(/usr/local/texlive/2014/texmf-dist/tex/generic/oberdiek/infwarerr.sty
Package: infwarerr 2010/04/08 v1.3 Providing info/warning/error messages (HO)
)
(/usr/local/texlive/2014/texmf-dist/tex/generic/oberdiek/ltxcmds.sty
Package: ltxcmds 2011/11/09 v1.22 LaTeX kernel commands for general use (HO)
)
\Gread@gobject=\count87
))
\Gin@req@height=\dimen104
\Gin@req@width=\dimen105
)
(/usr/local/texlive/2014/texmf-dist/tex/latex/psnfss/pifont.sty
Package: pifont 2005/04/12 PSNFSS-v9.2a Pi font support (SPQR) 
LaTeX Font Info:    Try loading font information for U+pzd on input line 63.

(/usr/local/texlive/2014/texmf-dist/tex/latex/psnfss/upzd.fd
File: upzd.fd 2001/06/04 font definitions for U/pzd.
)
LaTeX Font Info:    Try loading font information for U+psy on input line 64.

(/usr/local/texlive/2014/texmf-dist/tex/latex/psnfss/upsy.fd
File: upsy.fd 2001/06/04 font definitions for U/psy.
))
\c@tnote=\count88
\c@fnote=\count89
\c@cnote=\count90
\c@ead=\count91
\c@author=\count92
\@eadauthor=\toks15
\c@affn=\count93
\absbox=\box26
\keybox=\box27
\Columnwidth=\dimen106
\space@left=\dimen107
\els@boxa=\box28
\els@boxb=\box29
\leftMargin=\dimen108
\@enLab=\toks16
\@sep=\skip43
\@@sep=\skip44

(./rc3_pipeline.spl)
(/usr/local/texlive/2014/texmf-dist/tex/latex/natbib/natbib.sty
Package: natbib 2010/09/13 8.31b (PWD, AO)
\bibhang=\skip45
\bibsep=\skip46
LaTeX Info: Redefining \cite on input line 694.
\c@NAT@ctr=\count94
)
\splwrite=\write3
\openout3 = `rc3_pipeline.spl'.


(/usr/local/texlive/2014/texmf-dist/tex/latex/geometry/geometry.sty
Package: geometry 2010/09/12 v5.6 Page Geometry

(/usr/local/texlive/2014/texmf-dist/tex/generic/oberdiek/ifpdf.sty
Package: ifpdf 2011/01/30 v2.3 Provides the ifpdf switch (HO)
Package ifpdf Info: pdfTeX in PDF mode is detected.
)
(/usr/local/texlive/2014/texmf-dist/tex/generic/oberdiek/ifvtex.sty
Package: ifvtex 2010/03/01 v1.5 Detect VTeX and its facilities (HO)
Package ifvtex Info: VTeX not detected.
)
(/usr/local/texlive/2014/texmf-dist/tex/generic/ifxetex/ifxetex.sty
Package: ifxetex 2010/09/12 v0.6 Provides ifxetex conditional
)
\Gm@cnth=\count95
\Gm@cntv=\count96
\c@Gm@tempcnt=\count97
\Gm@bindingoffset=\dimen109
\Gm@wd@mp=\dimen110
\Gm@odd@mp=\dimen111
\Gm@even@mp=\dimen112
\Gm@layoutwidth=\dimen113
\Gm@layoutheight=\dimen114
\Gm@layouthoffset=\dimen115
\Gm@layoutvoffset=\dimen116
\Gm@dimlist=\toks17
)
(/usr/local/texlive/2014/texmf-dist/tex/latex/base/fleqn.clo
File: fleqn.clo 1998/08/17 v1.1c Standard LaTeX option (flush left equations)
\mathindent=\dimen117
)
\appnamewidth=\dimen118
)
(/usr/local/texlive/2014/texmf-dist/tex/latex/txfonts/txfonts.sty
Package: txfonts 2008/01/22 v3.2.1
LaTeX Font Info:    Redeclaring symbol font `operators' on input line 21.
LaTeX Font Info:    Overwriting symbol font `operators' in version `normal'
(Font)                  OT1/cmr/m/n --> OT1/txr/m/n on input line 21.
LaTeX Font Info:    Overwriting symbol font `operators' in version `bold'
(Font)                  OT1/cmr/bx/n --> OT1/txr/m/n on input line 21.
LaTeX Font Info:    Overwriting symbol font `operators' in version `bold'
(Font)                  OT1/txr/m/n --> OT1/txr/bx/n on input line 22.
\symitalic=\mathgroup4
LaTeX Font Info:    Overwriting symbol font `italic' in version `bold'
(Font)                  OT1/txr/m/it --> OT1/txr/bx/it on input line 26.
LaTeX Font Info:    Redeclaring math alphabet \mathbf on input line 29.
LaTeX Font Info:    Overwriting math alphabet `\mathbf' in version `normal'
(Font)                  OT1/cmr/bx/n --> OT1/txr/bx/n on input line 29.
LaTeX Font Info:    Overwriting math alphabet `\mathbf' in version `bold'
(Font)                  OT1/cmr/bx/n --> OT1/txr/bx/n on input line 29.
LaTeX Font Info:    Redeclaring math alphabet \mathit on input line 30.
LaTeX Font Info:    Overwriting math alphabet `\mathit' in version `normal'
(Font)                  OT1/cmr/m/it --> OT1/txr/m/it on input line 30.
LaTeX Font Info:    Overwriting math alphabet `\mathit' in version `bold'
(Font)                  OT1/cmr/bx/it --> OT1/txr/m/it on input line 30.
LaTeX Font Info:    Overwriting math alphabet `\mathit' in version `bold'
(Font)                  OT1/txr/m/it --> OT1/txr/bx/it on input line 31.
LaTeX Font Info:    Redeclaring math alphabet \mathsf on input line 40.
LaTeX Font Info:    Overwriting math alphabet `\mathsf' in version `normal'
(Font)                  OT1/cmss/m/n --> OT1/txss/m/n on input line 40.
LaTeX Font Info:    Overwriting math alphabet `\mathsf' in version `bold'
(Font)                  OT1/cmss/bx/n --> OT1/txss/m/n on input line 40.
LaTeX Font Info:    Overwriting math alphabet `\mathsf' in version `bold'
(Font)                  OT1/txss/m/n --> OT1/txss/b/n on input line 41.
LaTeX Font Info:    Redeclaring math alphabet \mathtt on input line 50.
LaTeX Font Info:    Overwriting math alphabet `\mathtt' in version `normal'
(Font)                  OT1/cmtt/m/n --> OT1/txtt/m/n on input line 50.
LaTeX Font Info:    Overwriting math alphabet `\mathtt' in version `bold'
(Font)                  OT1/cmtt/m/n --> OT1/txtt/m/n on input line 50.
LaTeX Font Info:    Overwriting math alphabet `\mathtt' in version `bold'
(Font)                  OT1/txtt/m/n --> OT1/txtt/b/n on input line 51.
LaTeX Font Info:    Redeclaring symbol font `letters' on input line 58.
LaTeX Font Info:    Overwriting symbol font `letters' in version `normal'
(Font)                  OML/cmm/m/it --> OML/txmi/m/it on input line 58.
LaTeX Font Info:    Overwriting symbol font `letters' in version `bold'
(Font)                  OML/cmm/b/it --> OML/txmi/m/it on input line 58.
LaTeX Font Info:    Overwriting symbol font `letters' in version `bold'
(Font)                  OML/txmi/m/it --> OML/txmi/bx/it on input line 59.
\symlettersA=\mathgroup5
LaTeX Font Info:    Overwriting symbol font `lettersA' in version `bold'
(Font)                  U/txmia/m/it --> U/txmia/bx/it on input line 67.
LaTeX Font Info:    Redeclaring symbol font `symbols' on input line 77.
LaTeX Font Info:    Overwriting symbol font `symbols' in version `normal'
(Font)                  OMS/cmsy/m/n --> OMS/txsy/m/n on input line 77.
LaTeX Font Info:    Overwriting symbol font `symbols' in version `bold'
(Font)                  OMS/cmsy/b/n --> OMS/txsy/m/n on input line 77.
LaTeX Font Info:    Overwriting symbol font `symbols' in version `bold'
(Font)                  OMS/txsy/m/n --> OMS/txsy/bx/n on input line 78.
\symAMSa=\mathgroup6
LaTeX Font Info:    Overwriting symbol font `AMSa' in version `bold'
(Font)                  U/txsya/m/n --> U/txsya/bx/n on input line 94.
\symAMSb=\mathgroup7
LaTeX Font Info:    Overwriting symbol font `AMSb' in version `bold'
(Font)                  U/txsyb/m/n --> U/txsyb/bx/n on input line 103.
\symsymbolsC=\mathgroup8
LaTeX Font Info:    Overwriting symbol font `symbolsC' in version `bold'
(Font)                  U/txsyc/m/n --> U/txsyc/bx/n on input line 113.
LaTeX Font Info:    Redeclaring symbol font `largesymbols' on input line 120.
LaTeX Font Info:    Overwriting symbol font `largesymbols' in version `normal'
(Font)                  OMX/cmex/m/n --> OMX/txex/m/n on input line 120.
LaTeX Font Info:    Overwriting symbol font `largesymbols' in version `bold'
(Font)                  OMX/cmex/m/n --> OMX/txex/m/n on input line 120.
LaTeX Font Info:    Overwriting symbol font `largesymbols' in version `bold'
(Font)                  OMX/txex/m/n --> OMX/txex/bx/n on input line 121.
\symlargesymbolsA=\mathgroup9
LaTeX Font Info:    Overwriting symbol font `largesymbolsA' in version `bold'
(Font)                  U/txexa/m/n --> U/txexa/bx/n on input line 129.
LaTeX Info: Redefining \not on input line 1043.
)
(/usr/local/texlive/2014/texmf-dist/tex/latex/hyperref/hyperref.sty
Package: hyperref 2012/11/06 v6.83m Hypertext links for LaTeX

(/usr/local/texlive/2014/texmf-dist/tex/generic/oberdiek/hobsub-hyperref.sty
Package: hobsub-hyperref 2012/05/28 v1.13 Bundle oberdiek, subset hyperref (HO)


(/usr/local/texlive/2014/texmf-dist/tex/generic/oberdiek/hobsub-generic.sty
Package: hobsub-generic 2012/05/28 v1.13 Bundle oberdiek, subset generic (HO)
Package: hobsub 2012/05/28 v1.13 Construct package bundles (HO)
Package hobsub Info: Skipping package `infwarerr' (already loaded).
Package hobsub Info: Skipping package `ltxcmds' (already loaded).
Package: ifluatex 2010/03/01 v1.3 Provides the ifluatex switch (HO)
Package ifluatex Info: LuaTeX not detected.
Package hobsub Info: Skipping package `ifvtex' (already loaded).
Package: intcalc 2007/09/27 v1.1 Expandable calculations with integers (HO)
Package hobsub Info: Skipping package `ifpdf' (already loaded).
Package: etexcmds 2011/02/16 v1.5 Avoid name clashes with e-TeX commands (HO)
Package etexcmds Info: Could not find \expanded.
(etexcmds)             That can mean that you are not using pdfTeX 1.50 or
(etexcmds)             that some package has redefined \expanded.
(etexcmds)             In the latter case, load this package earlier.
Package: kvsetkeys 2012/04/25 v1.16 Key value parser (HO)
Package: kvdefinekeys 2011/04/07 v1.3 Define keys (HO)
Package: pdftexcmds 2011/11/29 v0.20 Utility functions of pdfTeX for LuaTeX (HO
)
Package pdftexcmds Info: LuaTeX not detected.
Package pdftexcmds Info: \pdf@primitive is available.
Package pdftexcmds Info: \pdf@ifprimitive is available.
Package pdftexcmds Info: \pdfdraftmode found.
Package: pdfescape 2011/11/25 v1.13 Implements pdfTeX's escape features (HO)
Package: bigintcalc 2012/04/08 v1.3 Expandable calculations on big integers (HO
)
Package: bitset 2011/01/30 v1.1 Handle bit-vector datatype (HO)
Package: uniquecounter 2011/01/30 v1.2 Provide unlimited unique counter (HO)
)
Package hobsub Info: Skipping package `hobsub' (already loaded).
Package: letltxmacro 2010/09/02 v1.4 Let assignment for LaTeX macros (HO)
Package: hopatch 2012/05/28 v1.2 Wrapper for package hooks (HO)
Package: xcolor-patch 2011/01/30 xcolor patch
Package: atveryend 2011/06/30 v1.8 Hooks at the very end of document (HO)
Package atveryend Info: \enddocument detected (standard20110627).
Package: atbegshi 2011/10/05 v1.16 At begin shipout hook (HO)
Package: refcount 2011/10/16 v3.4 Data extraction from label references (HO)
Package: hycolor 2011/01/30 v1.7 Color options for hyperref/bookmark (HO)
)
(/usr/local/texlive/2014/texmf-dist/tex/latex/oberdiek/auxhook.sty
Package: auxhook 2011/03/04 v1.3 Hooks for auxiliary files (HO)
)
(/usr/local/texlive/2014/texmf-dist/tex/latex/oberdiek/kvoptions.sty
Package: kvoptions 2011/06/30 v3.11 Key value format for package options (HO)
)
\@linkdim=\dimen119
\Hy@linkcounter=\count98
\Hy@pagecounter=\count99

(/usr/local/texlive/2014/texmf-dist/tex/latex/hyperref/pd1enc.def
File: pd1enc.def 2012/11/06 v6.83m Hyperref: PDFDocEncoding definition (HO)
)
\Hy@SavedSpaceFactor=\count100

(/usr/local/texlive/2014/texmf-dist/tex/latex/latexconfig/hyperref.cfg
File: hyperref.cfg 2002/06/06 v1.2 hyperref configuration of TeXLive
)
Package hyperref Info: Hyper figures OFF on input line 4443.
Package hyperref Info: Link nesting OFF on input line 4448.
Package hyperref Info: Hyper index ON on input line 4451.
Package hyperref Info: Plain pages OFF on input line 4458.
Package hyperref Info: Backreferencing OFF on input line 4463.
Package hyperref Info: Implicit mode ON; LaTeX internals redefined.
Package hyperref Info: Bookmarks ON on input line 4688.
\c@Hy@tempcnt=\count101

(/usr/local/texlive/2014/texmf-dist/tex/latex/url/url.sty
\Urlmuskip=\muskip10
Package: url 2013/09/16  ver 3.4  Verb mode for urls, etc.
)
LaTeX Info: Redefining \url on input line 5041.
\XeTeXLinkMargin=\dimen120
\Fld@menulength=\count102
\Field@Width=\dimen121
\Fld@charsize=\dimen122
Package hyperref Info: Hyper figures OFF on input line 6295.
Package hyperref Info: Link nesting OFF on input line 6300.
Package hyperref Info: Hyper index ON on input line 6303.
Package hyperref Info: backreferencing OFF on input line 6310.
Package hyperref Info: Link coloring OFF on input line 6315.
Package hyperref Info: Link coloring with OCG OFF on input line 6320.
Package hyperref Info: PDF/A mode OFF on input line 6325.
LaTeX Info: Redefining \ref on input line 6365.
LaTeX Info: Redefining \pageref on input line 6369.
\Hy@abspage=\count103
\c@Item=\count104
\c@Hfootnote=\count105
)

Package hyperref Message: Driver (autodetected): hpdftex.

(/usr/local/texlive/2014/texmf-dist/tex/latex/hyperref/hpdftex.def
File: hpdftex.def 2012/11/06 v6.83m Hyperref driver for pdfTeX
\Fld@listcount=\count106
\c@bookmark@seq@number=\count107

(/usr/local/texlive/2014/texmf-dist/tex/latex/oberdiek/rerunfilecheck.sty
Package: rerunfilecheck 2011/04/15 v1.7 Rerun checks for auxiliary files (HO)
Package uniquecounter Info: New unique counter `rerunfilecheck' on input line 2
82.
)
\Hy@SectionHShift=\skip47
)
(./rc3_pipeline.aux)
\openout1 = `rc3_pipeline.aux'.

LaTeX Font Info:    Checking defaults for OML/txmi/m/it on input line 6.
LaTeX Font Info:    Try loading font information for OML+txmi on input line 6.

(/usr/local/texlive/2014/texmf-dist/tex/latex/txfonts/omltxmi.fd
File: omltxmi.fd 2000/12/15 v3.1
)
LaTeX Font Info:    ... okay on input line 6.
LaTeX Font Info:    Checking defaults for T1/cmr/m/n on input line 6.
LaTeX Font Info:    ... okay on input line 6.
LaTeX Font Info:    Checking defaults for OT1/cmr/m/n on input line 6.
LaTeX Font Info:    ... okay on input line 6.
LaTeX Font Info:    Checking defaults for OMS/txsy/m/n on input line 6.
LaTeX Font Info:    Try loading font information for OMS+txsy on input line 6.

(/usr/local/texlive/2014/texmf-dist/tex/latex/txfonts/omstxsy.fd
File: omstxsy.fd 2000/12/15 v3.1
)
LaTeX Font Info:    ... okay on input line 6.
LaTeX Font Info:    Checking defaults for OMX/txex/m/n on input line 6.
LaTeX Font Info:    Try loading font information for OMX+txex on input line 6.

(/usr/local/texlive/2014/texmf-dist/tex/latex/txfonts/omxtxex.fd
File: omxtxex.fd 2000/12/15 v3.1
)
LaTeX Font Info:    ... okay on input line 6.
LaTeX Font Info:    Checking defaults for U/txexa/m/n on input line 6.
LaTeX Font Info:    Try loading font information for U+txexa on input line 6.

(/usr/local/texlive/2014/texmf-dist/tex/latex/txfonts/utxexa.fd
File: utxexa.fd 2000/12/15 v3.1
)
LaTeX Font Info:    ... okay on input line 6.
LaTeX Font Info:    Checking defaults for PD1/pdf/m/n on input line 6.
LaTeX Font Info:    ... okay on input line 6.
LaTeX Font Info:    Try loading font information for OT1+txr on input line 6.

(/usr/local/texlive/2014/texmf-dist/tex/latex/txfonts/ot1txr.fd
File: ot1txr.fd 2000/12/15 v3.1
)
(/usr/local/texlive/2014/texmf-dist/tex/context/base/supp-pdf.mkii
[Loading MPS to PDF converter (version 2006.09.02).]
\scratchcounter=\count108
\scratchdimen=\dimen123
\scratchbox=\box30
\nofMPsegments=\count109
\nofMParguments=\count110
\everyMPshowfont=\toks18
\MPscratchCnt=\count111
\MPscratchDim=\dimen124
\MPnumerator=\count112
\makeMPintoPDFobject=\count113
\everyMPtoPDFconversion=\toks19
) (/usr/local/texlive/2014/texmf-dist/tex/latex/oberdiek/epstopdf-base.sty
Package: epstopdf-base 2010/02/09 v2.5 Base part for package epstopdf

(/usr/local/texlive/2014/texmf-dist/tex/latex/oberdiek/grfext.sty
Package: grfext 2010/08/19 v1.1 Manage graphics extensions (HO)
)
Package grfext Info: Graphics extension search list:
(grfext)             [.png,.pdf,.jpg,.mps,.jpeg,.jbig2,.jb2,.PNG,.PDF,.JPG,.JPE
G,.JBIG2,.JB2,.eps]
(grfext)             \AppendGraphicsExtensions on input line 452.

(/usr/local/texlive/2014/texmf-dist/tex/latex/latexconfig/epstopdf-sys.cfg
File: epstopdf-sys.cfg 2010/07/13 v1.3 Configuration of (r)epstopdf for TeX Liv
e
))
*geometry* driver: auto-detecting
*geometry* detected driver: pdftex
*geometry* verbose mode - [ preamble ] result:
* driver: pdftex
* paper: custom
* layout: <same size as paper>
* layoutoffset:(h,v)=(0.0pt,0.0pt)
* hratio: 1:1
* vratio: 1:1
* modes: 
* h-part:(L,W,R)=(37.75394pt, 522.0pt, 37.75394pt)
* v-part:(T,H,B)=(81.52342pt, 682.0pt, 81.52342pt)
* \paperwidth=597.50787pt
* \paperheight=845.04684pt
* \textwidth=522.0pt
* \textheight=682.0pt
* \oddsidemargin=-34.51605pt
* \evensidemargin=-34.51605pt
* \topmargin=-52.74657pt
* \headheight=50.0pt
* \headsep=12.0pt
* \topskip=12.0pt
* \footskip=18.0pt
* \marginparwidth=44.0pt
* \marginparsep=10.0pt
* \columnsep=18.0pt
* \skip\footins=24.0pt plus 2.0pt minus 12.0pt
* \hoffset=0.0pt
* \voffset=0.0pt
* \mag=1000
* \@twocolumntrue
* \@twosidefalse
* \@mparswitchfalse
* \@reversemarginfalse
* (1in=72.27pt=25.4mm, 1cm=28.453pt)

\AtBeginShipoutBox=\box31
Package hyperref Info: Link coloring OFF on input line 6.
(/usr/local/texlive/2014/texmf-dist/tex/latex/hyperref/nameref.sty
Package: nameref 2012/10/27 v2.43 Cross-referencing by name of section

(/usr/local/texlive/2014/texmf-dist/tex/generic/oberdiek/gettitlestring.sty
Package: gettitlestring 2010/12/03 v1.4 Cleanup title references (HO)
)
\c@section@level=\count114
)
LaTeX Info: Redefining \ref on input line 6.
LaTeX Info: Redefining \pageref on input line 6.
LaTeX Info: Redefining \nameref on input line 6.

(./rc3_pipeline.out) (./rc3_pipeline.out)
\@outlinefile=\write4
\openout4 = `rc3_pipeline.out'.

LaTeX Font Info:    Try loading font information for U+txmia on input line 25.

(/usr/local/texlive/2014/texmf-dist/tex/latex/txfonts/utxmia.fd
File: utxmia.fd 2000/12/15 v3.1
)
LaTeX Font Info:    Try loading font information for U+txsya on input line 25.

(/usr/local/texlive/2014/texmf-dist/tex/latex/txfonts/utxsya.fd
File: utxsya.fd 2000/12/15 v3.1
)
LaTeX Font Info:    Try loading font information for U+txsyb on input line 25.

(/usr/local/texlive/2014/texmf-dist/tex/latex/txfonts/utxsyb.fd
File: utxsyb.fd 2000/12/15 v3.1
)
LaTeX Font Info:    Try loading font information for U+txsyc on input line 25.

(/usr/local/texlive/2014/texmf-dist/tex/latex/txfonts/utxsyc.fd
File: utxsyc.fd 2000/12/15 v3.1
)
Overfull \hbox (0.76802pt too wide) in paragraph at lines 29--30
\OT1/txr/m/n/12 ob-jects for sub-se-quent study, for ex-am-ple the Messier
 []


Overfull \hbox (1.73683pt too wide) in paragraph at lines 31--32
[]\OT1/txr/m/n/12 One of the more pop-u-lar cat-a-logs of nearby galax-
 []


Overfull \hbox (8.17201pt too wide) in paragraph at lines 31--32
\OT1/txr/m/n/12 tains 23,011 galax-ies with an ap-par-ent di-am-e-ter greater
 []

[1{/usr/local/texlive/2014/texmf-var/fonts/map/pdftex/updmap/pdftex.map}


]
Overfull \hbox (2.952pt too wide) in paragraph at lines 35--37
\OT1/txr/m/n/12 ded-i-cated study that uni-formly mo-saic all 230,11 RC3
 []


Overfull \hbox (4.0193pt too wide) in paragraph at lines 35--37
\OT1/txr/m/n/12 sources with up-dated as-trom-e-try. As the SDSS project
 []


Overfull \hbox (3.79198pt too wide) in paragraph at lines 35--37
\OT1/txr/m/n/12 or-di-nates for all RC3 galax-ies that lie within the SDSS
 []


Overfull \hbox (48.828pt too wide) in paragraph at lines 38--41
\OT1/txr/m/n/12 user-defined cat-a-log us-ing imag-ing data from any scientific
ally-
 []


Overfull \hbox (8.91597pt too wide) in paragraph at lines 38--41
\OT1/txr/m/n/12 Palo-mar Ob-ser-va-tory Sky Sur-vey (POSS-II; []Reid et al.[],
 []


Overfull \hbox (2.98799pt too wide) in paragraph at lines 38--41
\OT1/txr/m/n/12 Large Syn-op-tic Sur-vey Tele-scope (LSST; []Ivezic et al.[],
 []


Overfull \hbox (6.62402pt too wide) in paragraph at lines 47--48
\OT1/txr/m/n/12 mance and eval-u-ate the science-quality for the pipeline
 []

LaTeX Font Info:    Try loading font information for OMS+txr on input line 51.
(/usr/local/texlive/2014/texmf-dist/tex/latex/txfonts/omstxr.fd
File: omstxr.fd 2000/12/15 v3.1
)
LaTeX Font Info:    Font shape `OMS/txr/m/n' in size <12> not available
(Font)              Font shape `OMS/txsy/m/n' tried instead on input line 51.
 [2]
Overfull \hbox (13.48482pt too wide) in paragraph at lines 55--56
[]\OT1/txr/m/n/12 The sim-plest ap-proach to con-struct a uni-form galaxy
 []


Overfull \hbox (12.036pt too wide) in paragraph at lines 55--56
\OT1/txr/m/n/12 Sur-vey of Ex-ter-nal Galax-ies ([]Shap-ley and Ames[], []1932[
]),
 []


Overfull \hbox (3.12401pt too wide) in paragraph at lines 55--56
\OT1/txr/m/n/12 which con-tained 1,249 ob-jects brighter than 13$[]$ mag-
 []


Overfull \hbox (15.45601pt too wide) in paragraph at lines 55--56
\OT1/txr/m/n/12 galaxy cat-a-log com-piled by []de Vau-couleurs et al.[] ([]199
5[]),
 []


Underfull \hbox (badness 10000) in paragraph at lines 57--57
[][][][]$\OT1/cmtt/m/n/10 http : / / vizier . u-[]strasbg . fr / viz-[]bin / Vi
zieR ?
 []


Overfull \hbox (12.16801pt too wide) in paragraph at lines 59--60
\OT1/txr/m/n/12 as-tro-phys-i-cal stud-ies of quasars and X-ray sources (e.g.,
 []


Overfull \hbox (6.156pt too wide) in paragraph at lines 59--60
\OT1/txr/m/n/12 clus-ter-ing stud-ies (e.g., []Best et al.[], []1996[]; []Knape
n et al.[],
 []

[3]
Overfull \hbox (15.38402pt too wide) in paragraph at lines 82--83
\OT1/txr/m/n/12 aged Charge Cou-pled De-vices (CCDs) as pho-ton record-
 []


Overfull \hbox (6.59927pt too wide) in paragraph at lines 82--83
\OT1/txr/m/n/12 ing in-stru-ments. CCD de-tec-tors have ob-vi-ous through-
 []


Overfull \hbox (1.248pt too wide) in paragraph at lines 82--83
\OT1/txr/m/n/12 put ad-van-tages over pho-to-graphic plates and also pro-
 []


Underfull \hbox (badness 10000) in paragraph at lines 84--84
[][][][]$\OT1/cmtt/m/n/10 http : / / skyserver . sdss3 . org / dr10 / en / help
 /
 []


Overfull \hbox (3.39111pt too wide) in paragraph at lines 84--85
[]\OT1/txr/m/n/12 The SDSS imag-ing data is pro-cessed by the $[]$
 []


Overfull \hbox (2.79605pt too wide) in paragraph at lines 84--85
\OT1/txr/m/n/12 dures, in-clud-ing source de-tec-tion, de-blend-ing, model-
 []


Overfull \hbox (20.92479pt too wide) in paragraph at lines 87--88
[]\OT1/txr/m/n/12 The Sec-ond Palo-mar Ob-ser-va-tory Sky Sur-vey (POSS-
 []


Overfull \hbox (37.75124pt too wide) in paragraph at lines 87--88
\OT1/txr/m/n/12 Ob-ser-va-tory Sky Sur-vey (NGS-POSS or POSS-I; []Minkowski
 []


Overfull \hbox (5.79597pt too wide) in paragraph at lines 87--88
\OT1/txr/m/n/12 Sci-ence In-sti-tute's Dig-i-tized Sky Sur-vey project (DSS;
 []


Underfull \hbox (badness 10000) in paragraph at lines 89--89
[][][][]$\OT1/cmtt/m/n/10 http : / / irsa . ipac . caltech . edu / applications
 /
 []


Overfull \hbox (9.99211pt too wide) in paragraph at lines 91--92
[]\OT1/txr/m/n/12 Even though POSS-II has the ad-van-tage of a greater
 []


Overfull \hbox (11.32802pt too wide) in paragraph at lines 91--92
\OT1/txr/m/n/12 ad-van-tages that do im-pact our photographic-plate based
 []


Overfull \hbox (40.11601pt too wide) in paragraph at lines 91--92
\OT1/txr/m/n/12 ciency) as com-pared to CCDs ($\OMS/txsy/m/n/12 ^^X$\OT1/txr/m/
n/12 80%), thus the photographic-
 []


Overfull \hbox (10.03201pt too wide) in paragraph at lines 91--92
\OT1/txr/m/n/12 ab-so-lute pho-to-met-ric cal-i-bra-tion of pho-to-graphic plat
es
 []

[4]
Overfull \hbox (8.46883pt too wide) in paragraph at lines 96--97
[]\OT1/txr/m/n/12 Broadly speak-ing, our pipeline lever-ages two open-
 []


Overfull \hbox (38.56801pt too wide) in paragraph at lines 96--97
\OT1/txr/m/n/12 source tools: Mon-tage ([]Ja-cob et al.[], []2010[]) and STIFF 
([]Bertin[],
 []


Overfull \hbox (13.71602pt too wide) in paragraph at lines 98--99
\OT1/txr/m/n/12 spe-cific soft-ware com-po-nents, in-clud-ing spe-cific classes

 []

<figures/algorithm.png, id=261, 711.65875pt x 940.51375pt>
File: figures/algorithm.png Graphic file (type png)

<use figures/algorithm.png>
Package pdftex.def Info: figures/algorithm.png used on input line 101.
(pdftex.def)             Requested size: 261.0pt x 344.92786pt.

Overfull \hbox (9.0pt too wide) in paragraph at lines 101--102
[][] 
 []


LaTeX Warning: `h' float specifier changed to `ht'.


Overfull \hbox (0.64726pt too wide) in paragraph at lines 108--109
\OT1/txr/m/n/12 Vir-tual As-tro-phys-i-cal Ob-ser-va-tory (VAO) Im-age Mo-
 []


Overfull \hbox (3.684pt too wide) in paragraph at lines 108--109
\OT1/txr/m/n/12 web-site to ro-bustly gen-er-ate mo-saic im-ages from mul-
 []


Overfull \hbox (2.69926pt too wide) in paragraph at lines 108--109
\OT1/txr/m/n/12 ti-ple sur-veys, in-clud-ing from both the SDSS and DSS.
 []


Overfull \hbox (2.77199pt too wide) in paragraph at lines 108--109
\OT1/txr/m/n/12 had to over-come two chal-lenges when in-clud-ing mon-
 []

[5 <./figures/algorithm.png>]
Overfull \hbox (1.27202pt too wide) in paragraph at lines 116--117
\OT1/txr/m/n/12 galax-ies are de-tected, the pipeline ex-e-cutes the source
 []


Overfull \hbox (1.90802pt too wide) in paragraph at lines 116--117
\OT1/txr/m/n/12 rec-ti-fi-ca-tion mod-ules in Mon-tage is nec-es-sary for pre-
 []


Overfull \hbox (2.40002pt too wide) in paragraph at lines 120--121
\OT1/txr/m/n/12 rithm, stan-dard mosi-ack-ing pro-ce-dure will not be able
 []

<figures/PGC58b4SC.jpg, id=280, 61.22874pt x 61.22874pt>
File: figures/PGC58b4SC.jpg Graphic file (type jpg)

<use figures/PGC58b4SC.jpg>
Package pdftex.def Info: figures/PGC58b4SC.jpg used on input line 125.
(pdftex.def)             Requested size: 117.45319pt x 117.45691pt.

<figures/PGC58afterSC.jpg, id=281, 143.53625pt x 143.53625pt>
File: figures/PGC58afterSC.jpg Graphic file (type jpg)

<use figures/PGC58afterSC.jpg>
Package pdftex.def Info: figures/PGC58afterSC.jpg used on input line 126.
(pdftex.def)             Requested size: 117.45319pt x 117.45517pt.
 [6]
Overfull \hbox (1.704pt too wide) in paragraph at lines 131--132
\OT1/txr/m/n/12 galax-ies are of-ten phys-i-cally lo-cated near other galax-
 []


Overfull \hbox (5.61598pt too wide) in paragraph at lines 131--132
\OT1/txr/m/n/12 that any galaxy large enough to cause con-fu-sion would
 []


Overfull \hbox (7.3648pt too wide) in paragraph at lines 133--134
[]\OT1/txr/m/n/12 The al-go-rithm we de-vel-oped to over-come this chal-
 []

<figures/navigator.png, id=290, 636.6987pt x 565.1514pt>
File: figures/navigator.png Graphic file (type png)

<use figures/navigator.png>
Package pdftex.def Info: figures/navigator.png used on input line 136.
(pdftex.def)             Requested size: 261.0pt x 231.67044pt.

Overfull \hbox (9.0pt too wide) in paragraph at lines 136--137
[][] 
 []


LaTeX Warning: `h' float specifier changed to `ht'.


Overfull \hbox (5.61601pt too wide) in paragraph at lines 145--146
\OT1/txr/m/n/12 low-ing sub-sec-tions, we dis-cuss sev-eral of these classes
 []

[7 <./figures/PGC58b4SC.jpg> <./figures/PGC58afterSC.jpg> <./figures/navigator.
png>] <figures/hierarchy.jpg, id=301, 667.49374pt x 804.00375pt>
File: figures/hierarchy.jpg Graphic file (type jpg)

<use figures/hierarchy.jpg>
Package pdftex.def Info: figures/hierarchy.jpg used on input line 148.
(pdftex.def)             Requested size: 261.0pt x 314.38217pt.

Overfull \hbox (9.0pt too wide) in paragraph at lines 148--151
[][] 
 []


Overfull \hbox (0.9pt too wide) in paragraph at lines 157--158
\OT1/txr/m/n/12 Many re-cent sur-veys pro-vide an ap-pli-ca-tion pro-gram-
 []


Overfull \hbox (5.84402pt too wide) in paragraph at lines 163--164
\OT1/txr/m/n/12 class. These func-tions con-tain ba-sic in-for-ma-tion about
 []


Overfull \hbox (6.60002pt too wide) in paragraph at lines 163--164
\OT1/txr/m/n/12 the par-tic-u-lar ob-ject and are survey-independent. They
 []

[8 <./figures/hierarchy.jpg>]
Overfull \hbox (1.65599pt too wide) in paragraph at lines 165--166
\OT1/txr/m/n/12 specific imag-ing by fol-low-ing the guide-lines in []Bertin[]
 []


Overfull \hbox (10.22083pt too wide) in paragraph at lines 169--170
[]\OT1/txr/m/n/12 The sim-plest ab-stract class con-tained in the pipeline
 []

<figures/DSS_120_BEST.jpg, id=318, 300.12125pt x 300.12125pt>
File: figures/DSS_120_BEST.jpg Graphic file (type jpg)

<use figures/DSS_120_BEST.jpg>
Package pdftex.def Info: figures/DSS_120_BEST.jpg used on input line 175.
(pdftex.def)             Requested size: 208.79681pt x 208.80118pt.

<figures/SDSS_120_LOW.jpg, id=319, 211.79124pt x 211.79124pt>
File: figures/SDSS_120_LOW.jpg Graphic file (type jpg)

<use figures/SDSS_120_LOW.jpg>
Package pdftex.def Info: figures/SDSS_120_LOW.jpg used on input line 176.
(pdftex.def)             Requested size: 208.79681pt x 208.80466pt.


LaTeX Warning: `h' float specifier changed to `ht'.

<figures/DSS_1154_BEST.jpg, id=320, 300.12125pt x 300.12125pt>
File: figures/DSS_1154_BEST.jpg Graphic file (type jpg)

<use figures/DSS_1154_BEST.jpg>
Package pdftex.def Info: figures/DSS_1154_BEST.jpg used on input line 183.
(pdftex.def)             Requested size: 208.79681pt x 208.80118pt.

<figures/SDSS_1154_BEST.jpg, id=321, 176.66pt x 176.66pt>
File: figures/SDSS_1154_BEST.jpg Graphic file (type jpg)

<use figures/SDSS_1154_BEST.jpg>
Package pdftex.def Info: figures/SDSS_1154_BEST.jpg used on input line 184.
(pdftex.def)             Requested size: 208.79681pt x 208.79932pt.


LaTeX Warning: `h' float specifier changed to `ht'.


Overfull \hbox (0.44398pt too wide) in paragraph at lines 191--192
\OT1/txr/m/n/12 po-si-tion that was more than one ar-cminute away from
 []


Overfull \hbox (3.44327pt too wide) in paragraph at lines 193--194
\OT1/txr/m/n/12 23,011 RC3 galax-ies are cov-ered by the POSS-II foot-
 []

[9 <./figures/DSS_120_BEST.jpg> <./figures/SDSS_120_LOW.jpg>]
Overfull \hbox (9.16483pt too wide) in paragraph at lines 197--198
[]\OT1/txr/m/n/12 The ma-jor-ity of the pro-cess-ing time for our pipeline
 []


Overfull \hbox (11.82004pt too wide) in paragraph at lines 199--200
\OT1/txr/m/n/12 ages are con-structed in-de-pen-dently). Thus, even though
 []


Overfull \hbox (8.15999pt too wide) in paragraph at lines 201--202
\OT1/txr/m/n/12 within a sur-vey archive. We have de-signed our pipeline
 []


Overfull \hbox (24.97202pt too wide) in paragraph at lines 206--207
\OT1/txr/m/n/12 Python pro-gram-ming lan-guage, we de-vel-oped our pipeline
 []


Overfull \hbox (1.59602pt too wide) in paragraph at lines 208--209
\OT1/txr/m/n/12 ing the im-age re-pro-jec-tion. Our choice was also aided
 []


Overfull \hbox (8.15857pt too wide) in paragraph at lines 208--209
\OT1/txr/m/n/12 SDSS and POSS-II im-age data sets ([]Ja-cob et al.[], []2010[])
.
 []

[10 <./figures/DSS_1154_BEST.jpg> <./figures/SDSS_1154_BEST.jpg>]
Overfull \hbox (5.68727pt too wide) in paragraph at lines 210--211
\OT1/txr/m/n/12 tool writ-ten by []Bu-davari[] ([]2004[]) to sub-mit SQL querie
s
 []

<figures/astrometry.png, id=352, 569.12625pt x 390.45876pt>
File: figures/astrometry.png Graphic file (type png)

<use figures/astrometry.png>
Package pdftex.def Info: figures/astrometry.png used on input line 216.
(pdftex.def)             Requested size: 261.0pt x 179.07103pt.

Overfull \hbox (9.0pt too wide) in paragraph at lines 216--217
[][] 
 []


LaTeX Warning: `h' float specifier changed to `ht'.


Overfull \hbox (7.60799pt too wide) in paragraph at lines 220--222
\OT1/txr/m/n/12 galaxy with a va-ri-ety of sizes and uni-formly dis-tributed
 []


Overfull \hbox (9.11682pt too wide) in paragraph at lines 224--225
[]\OT1/txr/m/n/12 We use Mon-tage's de-fault for han-dling im-age coad-
 []


Overfull \hbox (0.18001pt too wide) in paragraph at lines 224--225
\OT1/txr/m/n/12 sur-vey. How-ever, since we are us-ing cal-i-brated SDSS
 []


Overfull \hbox (0.79129pt too wide) in paragraph at lines 224--225
\OT1/txr/m/n/12 data and mo-saick-ing neigh-bor-ing fields, the PSF vari-
 []

<figures/outlier_rejection.png, id=356, 563.9469pt x 475.7775pt>
File: figures/outlier_rejection.png Graphic file (type png)

<use figures/outlier_rejection.png>
Package pdftex.def Info: figures/outlier_rejection.png used on input line 228.
(pdftex.def)             Requested size: 261.0pt x 220.19609pt.

Overfull \hbox (9.0pt too wide) in paragraph at lines 228--229
[][] 
 []


Overfull \hbox (10.19682pt too wide) in paragraph at lines 226--232
[]\OT1/txr/m/n/12 We con-duct a sim-i-lar anal-y-sis as de-scribed in \OMS/txsy
/m/n/12 x[]\OT1/txr/m/n/12 4.4.1[]
 []


Overfull \hbox (5.50801pt too wide) in paragraph at lines 226--232
\OT1/txr/m/n/12 by com-par-ing the SExtractor-computed val-ues for cor-
 []

[11 <./figures/astrometry.png>]
Overfull \hbox (14.112pt too wide) in paragraph at lines 233--234
\OT1/txr/m/n/12 edges will con-tribute less flux to the SExtractor-detected
 []

<figures/photo_preserved.png, id=366, 512.91624pt x 383.4325pt>
File: figures/photo_preserved.png Graphic file (type png)

<use figures/photo_preserved.png>
Package pdftex.def Info: figures/photo_preserved.png used on input line 238.
(pdftex.def)             Requested size: 261.0pt x 195.10918pt.

Overfull \hbox (9.0pt too wide) in paragraph at lines 238--239
[][] 
 []


Overfull \hbox (8.72403pt too wide) in paragraph at lines 245--246
\OT1/txr/m/n/12 due to clut-tered star fields, and other poorly-deblended,
 []

[12 <./figures/outlier_rejection.png> <./figures/photo_preserved.png>]
<figures/histo_rms.png, id=379, 517.935pt x 380.42125pt>
File: figures/histo_rms.png Graphic file (type png)

<use figures/histo_rms.png>
Package pdftex.def Info: figures/histo_rms.png used on input line 249.
(pdftex.def)             Requested size: 261.0pt x 191.71358pt.

Overfull \hbox (9.0pt too wide) in paragraph at lines 249--250
[][] 
 []


Underfull \hbox (badness 10000) in paragraph at lines 257--257
[][][][]$\OT1/cmtt/m/n/10 http : / / github . com / ProfessorBrunner /
 []


Overfull \hbox (24.33601pt too wide) in paragraph at lines 257--258
\OT1/txr/m/n/12 be adapted to work with fu-ture data to cre-ate scientifically-

 []


Underfull \hbox (badness 10000) in paragraph at lines 259--259
[][][][]$\OT1/cmtt/m/n/10 http : / / lcdm . astro . illinois . edu / data / rc3
 /
 []


Overfull \hbox (0.76802pt too wide) in paragraph at lines 259--260
\OT1/txr/m/n/12 demon-strate the ef-fi-cacy of this new pipeline, we gen-
 []


Overfull \hbox (3.39598pt too wide) in paragraph at lines 259--260
\OT1/txr/m/n/12 ages of galax-ies in the RC3 cat-a-log by us-ing the SDSS
 []


Overfull \hbox (5.91602pt too wide) in paragraph at lines 261--262
\OT1/txr/m/n/12 source cat-a-log or the con-struc-tion of po-ten-tially higher
 []


Overfull \hbox (6.21603pt too wide) in paragraph at lines 261--262
\OT1/txr/m/n/12 tain-ing source po-si-tions, source radii, and unique iden-
 []


Overfull \hbox (1.32004pt too wide) in paragraph at lines 261--262
\OT1/txr/m/n/12 ti-fier for each source, which can sub-se-quently be used
 []


Overfull \hbox (4.22083pt too wide) in paragraph at lines 263--264
[]\OT1/txr/m/n/12 Other po-ten-tial uses of the pipeline in-cludes mask-
 []


Overfull \hbox (0.82803pt too wide) in paragraph at lines 263--264
\OT1/txr/m/n/12 se-lec-tion of spec-tro-sp-tic tar-gets, and gen-er-at-ing a co
l-
 []


Overfull \hbox (10.80002pt too wide) in paragraph at lines 263--264
\OT1/txr/m/n/12 As-trom-e-try.net ([]Lang et al.[], []2010[]) or SEx-trac-tor (
[]Bertin
 []


Overfull \hbox (26.98802pt too wide) in paragraph at lines 263--264
\OT1/txr/m/n/12 tory[], []2000[]), Al-ladin ([]Bonnarel et al.[], []2000[]), or
 APLpy ([]Ro-
 []

[13 <./figures/histo_rms.png>]
Overfull \hbox (3.86008pt too wide) in paragraph at lines 271--272
\OT1/txr/m/n/10 the French Par-tic-i-pa-tion Group, the Ger-man Par-tic-i-pa-ti
on Group,
 []


Overfull \hbox (6.90005pt too wide) in paragraph at lines 271--272
\OT1/txr/m/n/10 ver-sity, Uni-ver-sity of Portsmouth, Prince-ton Uni-ver-sity, 
the Span-
 []


Overfull \hbox (4.02007pt too wide) in paragraph at lines 271--272
\OT1/txr/m/n/10 ish Par-tic-i-pa-tion Group, Uni-ver-sity of Tokyo, Uni-ver-sit
y of Utah,
 []


Overfull \hbox (7.52005pt too wide) in paragraph at lines 271--272
\OT1/txr/m/n/10 Van-der-bilt Uni-ver-sity, Uni-ver-sity of Vir-ginia, Uni-ver-s
ity of Wash-
 []

(./rc3_pipeline.bbl
Underfull \hbox (badness 7851) in paragraph at lines 94--97
\OT1/cmtt/m/n/10 cas . sdss . org / dr7 / sp / help / download / sqlcl/$[]\OT1/
txr/m/n/10 , Last
 []

[14] [15]
Underfull \hbox (badness 10000) in paragraph at lines 331--334
[]$\OT1/cmtt/m/n/10 https : / / github . com / astropy / montage-[]wrapper$[]\O
T1/txr/m/n/10 ,
 []


Underfull \hbox (badness 2443) in paragraph at lines 359--362
[]\OT1/txr/m/n/10 Smithsonian As-tro-phys-i-cal Ob-ser-va-tory, 2000. SAOIm-age

 []

[16])
Package atveryend Info: Empty hook `BeforeClearDocument' on input line 276.
 [17

]
Package atveryend Info: Empty hook `AfterLastShipout' on input line 276.
 (./rc3_pipeline.aux)
Package atveryend Info: Executing hook `AtVeryEndDocument' on input line 276.
Package atveryend Info: Executing hook `AtEndAfterFileList' on input line 276.
Package rerunfilecheck Info: File `rc3_pipeline.out' has not changed.
(rerunfilecheck)             Checksum: 8EF88ACCB3C9997930B649A887BE1F5A;1515.
Package atveryend Info: Empty hook `AtVeryVeryEnd' on input line 276.
 ) 
Here is how much of TeX's memory you used:
 7226 strings out of 493117
 103436 string characters out of 6135433
 210135 words of memory out of 5000000
 10454 multiletter control sequences out of 15000+600000
 40134 words of font info for 104 fonts, out of 8000000 for 9000
 1141 hyphenation exceptions out of 8191
 34i,9n,34p,2117b,526s stack positions out of 5000i,500n,10000p,200000b,80000s
{/usr/local/texlive/2014/texmf-dist/fonts/enc/dvips/base/8r.enc}</usr/local/t
exlive/2014/texmf-dist/fonts/type1/public/amsfonts/cm/cmtt10.pfb></usr/local/te
xlive/2014/texmf-dist/fonts/type1/public/amsfonts/cm/cmtt12.pfb></usr/local/tex
live/2014/texmf-dist/fonts/type1/public/txfonts/rtxmi.pfb></usr/local/texlive/2
014/texmf-dist/fonts/type1/public/txfonts/rtxr.pfb></usr/local/texlive/2014/tex
mf-dist/fonts/type1/public/txfonts/txsy.pfb></usr/local/texlive/2014/texmf-dist
/fonts/type1/urw/times/utmb8a.pfb></usr/local/texlive/2014/texmf-dist/fonts/typ
e1/urw/times/utmr8a.pfb></usr/local/texlive/2014/texmf-dist/fonts/type1/urw/tim
es/utmri8a.pfb>
Output written on rc3_pipeline.pdf (17 pages, 774051 bytes).
PDF statistics:
 494 PDF objects out of 1000 (max. 8388607)
 442 compressed objects within 5 object streams
 109 named destinations out of 1000 (max. 500000)
 250 words of extra memory for PDF output out of 10000 (max. 10000000)

